{"/Users/minzhou/Downloads/hw5 2/src/actions.js":{"path":"/Users/minzhou/Downloads/hw5 2/src/actions.js","s":{"1":1,"2":1,"3":1,"4":1,"5":1,"6":1,"7":1,"8":1,"9":1,"10":1,"11":1,"12":1,"13":1,"14":1,"15":1,"16":2,"17":1,"18":1,"19":1,"20":1,"21":0,"22":1,"23":3,"24":1,"25":1,"26":1,"27":1,"28":1,"29":1,"30":1,"31":0,"32":1,"33":1,"34":6,"35":6,"36":6,"37":6,"38":6,"39":4,"40":6,"41":5,"42":2,"43":2,"44":3,"45":1},"b":{"1":[0,2],"2":[2,2],"3":[0,6],"4":[6,0],"5":[6,0],"6":[4,2],"7":[4,0],"8":[2,3]},"f":{"1":2,"2":1,"3":0,"4":3,"5":1,"6":1,"7":1,"8":0,"9":6,"10":5},"fnMap":{"1":{"name":"_interopRequireDefault","line":24,"loc":{"start":{"line":0,"column":0},"end":{"line":0,"column":0},"skip":true},"skip":true},"2":{"name":"navToMain","line":48,"loc":{"start":{"line":27,"column":7},"end":{"line":27,"column":27}}},"3":{"name":"addFollowerError","line":54,"loc":{"start":{"line":33,"column":7},"end":{"line":33,"column":39}}},"4":{"name":"updateError","line":61,"loc":{"start":{"line":40,"column":7},"end":{"line":40,"column":35}}},"5":{"name":"updateSuccess","line":67,"loc":{"start":{"line":46,"column":7},"end":{"line":46,"column":39}}},"6":{"name":"navToProfile","line":73,"loc":{"start":{"line":52,"column":7},"end":{"line":52,"column":31}}},"7":{"name":"navToOut","line":78,"loc":{"start":{"line":57,"column":7},"end":{"line":57,"column":27}}},"8":{"name":"headlineEdit","line":83,"loc":{"start":{"line":62,"column":7},"end":{"line":62,"column":31}}},"9":{"name":"resource","line":91,"loc":{"start":{"line":73,"column":7},"end":{"line":73,"column":71}}},"10":{"name":"(anonymous_10)","line":99,"loc":{"start":{"line":80,"column":10},"end":{"line":80,"column":24}}}},"statementMap":{"1":{"start":{"line":0,"column":0},"end":{"line":0,"column":0},"skip":true},"2":{"start":{"line":0,"column":0},"end":{"line":0,"column":0},"skip":true},"3":{"start":{"line":0,"column":0},"end":{"line":0,"column":0},"skip":true},"4":{"start":{"line":0,"column":0},"end":{"line":0,"column":0},"skip":true},"5":{"start":{"line":0,"column":0},"end":{"line":0,"column":0},"skip":true},"6":{"start":{"line":0,"column":0},"end":{"line":0,"column":0},"skip":true},"7":{"start":{"line":0,"column":0},"end":{"line":0,"column":0},"skip":true},"8":{"start":{"line":0,"column":0},"end":{"line":0,"column":0},"skip":true},"9":{"start":{"line":0,"column":0},"end":{"line":0,"column":0},"skip":true},"10":{"start":{"line":0,"column":0},"end":{"line":0,"column":0},"skip":true},"11":{"start":{"line":1,"column":-15},"end":{"line":1,"column":-15}},"12":{"start":{"line":0,"column":0},"end":{"line":0,"column":0},"skip":true},"13":{"start":{"line":2,"column":0},"end":{"line":2,"column":0}},"14":{"start":{"line":0,"column":0},"end":{"line":0,"column":0},"skip":true},"15":{"start":{"line":0,"column":0},"end":{"line":0,"column":0},"skip":true},"16":{"start":{"line":0,"column":0},"end":{"line":0,"column":0},"skip":true},"17":{"start":{"line":4,"column":0},"end":{"line":4,"column":0}},"18":{"start":{"line":27,"column":7},"end":{"line":31,"column":1}},"19":{"start":{"line":28,"column":1},"end":{"line":28,"column":1}},"20":{"start":{"line":33,"column":7},"end":{"line":38,"column":1}},"21":{"start":{"line":34,"column":1},"end":{"line":34,"column":1}},"22":{"start":{"line":40,"column":7},"end":{"line":45,"column":1}},"23":{"start":{"line":41,"column":4},"end":{"line":41,"column":4}},"24":{"start":{"line":46,"column":7},"end":{"line":51,"column":1}},"25":{"start":{"line":47,"column":4},"end":{"line":47,"column":4}},"26":{"start":{"line":52,"column":7},"end":{"line":56,"column":1}},"27":{"start":{"line":53,"column":4},"end":{"line":53,"column":4}},"28":{"start":{"line":57,"column":7},"end":{"line":61,"column":1}},"29":{"start":{"line":58,"column":4},"end":{"line":58,"column":4}},"30":{"start":{"line":62,"column":7},"end":{"line":66,"column":1}},"31":{"start":{"line":63,"column":4},"end":{"line":63,"column":4}},"32":{"start":{"line":71,"column":7},"end":{"line":71,"column":7}},"33":{"start":{"line":73,"column":7},"end":{"line":88,"column":1}},"34":{"start":{"line":73,"column":71},"end":{"line":73,"column":71}},"35":{"start":{"line":74,"column":4},"end":{"line":74,"column":4}},"36":{"start":{"line":75,"column":4},"end":{"line":75,"column":20}},"37":{"start":{"line":75,"column":20},"end":{"line":75,"column":20}},"38":{"start":{"line":76,"column":4},"end":{"line":78,"column":5}},"39":{"start":{"line":77,"column":8},"end":{"line":77,"column":8}},"40":{"start":{"line":79,"column":4},"end":{"line":79,"column":4}},"41":{"start":{"line":81,"column":8},"end":{"line":86,"column":9}},"42":{"start":{"line":82,"column":12},"end":{"line":82,"column":12}},"43":{"start":{"line":83,"column":12},"end":{"line":83,"column":12}},"44":{"start":{"line":85,"column":12},"end":{"line":85,"column":12}},"45":{"start":{"line":0,"column":0},"end":{"line":0,"column":0},"skip":true}},"branchMap":{"1":{"line":24,"type":"cond-expr","locations":[{"start":{"line":0,"column":0},"end":{"line":0,"column":0},"skip":true},{"start":{"line":0,"column":0},"end":{"line":0,"column":0},"skip":true}]},"2":{"line":24,"type":"binary-expr","locations":[{"start":{"line":0,"column":0},"end":{"line":0,"column":0},"skip":true},{"start":{"line":0,"column":0},"end":{"line":0,"column":0},"skip":true}]},"3":{"line":92,"type":"cond-expr","locations":[{"start":{"line":73,"column":71},"end":{"line":73,"column":71}},{"start":{"line":73,"column":65},"end":{"line":73,"column":71}}]},"4":{"line":92,"type":"binary-expr","locations":[{"start":{"line":73,"column":71},"end":{"line":73,"column":71}},{"start":{"line":73,"column":71},"end":{"line":73,"column":71}}]},"5":{"line":95,"type":"if","locations":[{"start":{"line":75,"column":4},"end":{"line":75,"column":4}},{"start":{"line":75,"column":4},"end":{"line":75,"column":4}}]},"6":{"line":96,"type":"if","locations":[{"start":{"line":76,"column":4},"end":{"line":76,"column":4}},{"start":{"line":76,"column":4},"end":{"line":76,"column":4}}]},"7":{"line":97,"type":"cond-expr","locations":[{"start":{"line":77,"column":36},"end":{"line":77,"column":23}},{"start":{"line":77,"column":62},"end":{"line":77,"column":8}}]},"8":{"line":100,"type":"if","locations":[{"start":{"line":81,"column":8},"end":{"line":81,"column":8}},{"start":{"line":81,"column":8},"end":{"line":81,"column":8}}]}}},"/Users/minzhou/Downloads/hw5 2/src/actions.spec.js":{"path":"/Users/minzhou/Downloads/hw5 2/src/actions.spec.js","s":{"1":1,"2":1,"3":1,"4":1,"5":1,"6":1,"7":1,"8":1,"9":3,"10":1,"11":0,"12":0,"13":0,"14":0,"15":0,"16":0,"17":0,"18":0,"19":0,"20":0,"21":0,"22":0,"23":0,"24":0,"25":0,"26":0,"27":0,"28":0,"29":0,"30":0,"31":0,"32":0,"33":0,"34":0,"35":0,"36":0,"37":0,"38":0,"39":0,"40":0,"41":0,"42":0,"43":0,"44":0,"45":0,"46":0,"47":0,"48":0,"49":0,"50":0},"b":{"1":[1,2],"2":[3,3],"3":[0,0],"4":[0,0]},"f":{"1":3,"2":0,"3":0,"4":0,"5":0,"6":0,"7":0,"8":0,"9":0,"10":0,"11":0,"12":0,"13":0},"fnMap":{"1":{"name":"_interopRequireDefault","line":17,"loc":{"start":{"line":0,"column":0},"end":{"line":0,"column":0},"skip":true},"skip":true},"2":{"name":"(anonymous_2)","line":19,"loc":{"start":{"line":7,"column":73},"end":{"line":7,"column":79}}},"3":{"name":"(anonymous_3)","line":23,"loc":{"start":{"line":10,"column":12},"end":{"line":10,"column":18}}},"4":{"name":"(anonymous_4)","line":33,"loc":{"start":{"line":20,"column":11},"end":{"line":20,"column":17}}},"5":{"name":"(anonymous_5)","line":40,"loc":{"start":{"line":28,"column":60},"end":{"line":28,"column":69}}},"6":{"name":"(anonymous_6)","line":46,"loc":{"start":{"line":34,"column":33},"end":{"line":34,"column":47}}},"7":{"name":"(anonymous_7)","line":51,"loc":{"start":{"line":42,"column":46},"end":{"line":42,"column":55}}},"8":{"name":"(anonymous_8)","line":61,"loc":{"start":{"line":52,"column":57},"end":{"line":52,"column":66}}},"9":{"name":"(anonymous_9)","line":66,"loc":{"start":{"line":60,"column":35},"end":{"line":60,"column":44}}},"10":{"name":"(anonymous_10)","line":76,"loc":{"start":{"line":70,"column":56},"end":{"line":70,"column":70}}},"11":{"name":"(anonymous_11)","line":81,"loc":{"start":{"line":78,"column":72},"end":{"line":78,"column":76}}},"12":{"name":"(anonymous_12)","line":90,"loc":{"start":{"line":88,"column":77},"end":{"line":88,"column":81}}},"13":{"name":"(anonymous_13)","line":99,"loc":{"start":{"line":98,"column":54},"end":{"line":98,"column":58}}}},"statementMap":{"1":{"start":{"line":1,"column":-15},"end":{"line":1,"column":-15}},"2":{"start":{"line":2,"column":0},"end":{"line":2,"column":0}},"3":{"start":{"line":0,"column":0},"end":{"line":0,"column":0},"skip":true},"4":{"start":{"line":3,"column":0},"end":{"line":3,"column":0}},"5":{"start":{"line":0,"column":0},"end":{"line":0,"column":0},"skip":true},"6":{"start":{"line":5,"column":0},"end":{"line":5,"column":0}},"7":{"start":{"line":0,"column":0},"end":{"line":0,"column":0},"skip":true},"8":{"start":{"line":0,"column":0},"end":{"line":0,"column":0},"skip":true},"9":{"start":{"line":0,"column":0},"end":{"line":0,"column":0},"skip":true},"10":{"start":{"line":7,"column":0},"end":{"line":7,"column":0}},"11":{"start":{"line":9,"column":1},"end":{"line":9,"column":1}},"12":{"start":{"line":10,"column":1},"end":{"line":10,"column":1}},"13":{"start":{"line":11,"column":2},"end":{"line":15,"column":5}},"14":{"start":{"line":12,"column":3},"end":{"line":12,"column":3}},"15":{"start":{"line":13,"column":3},"end":{"line":13,"column":3}},"16":{"start":{"line":14,"column":3},"end":{"line":14,"column":3}},"17":{"start":{"line":16,"column":4},"end":{"line":16,"column":4}},"18":{"start":{"line":17,"column":4},"end":{"line":17,"column":4}},"19":{"start":{"line":20,"column":1},"end":{"line":20,"column":1}},"20":{"start":{"line":21,"column":4},"end":{"line":24,"column":5}},"21":{"start":{"line":22,"column":3},"end":{"line":22,"column":3}},"22":{"start":{"line":23,"column":3},"end":{"line":23,"column":3}},"23":{"start":{"line":28,"column":1},"end":{"line":28,"column":1}},"24":{"start":{"line":29,"column":2},"end":{"line":29,"column":2}},"25":{"start":{"line":34,"column":2},"end":{"line":34,"column":2}},"26":{"start":{"line":35,"column":3},"end":{"line":35,"column":3}},"27":{"start":{"line":42,"column":1},"end":{"line":42,"column":1}},"28":{"start":{"line":43,"column":2},"end":{"line":43,"column":2}},"29":{"start":{"line":44,"column":2},"end":{"line":44,"column":2}},"30":{"start":{"line":46,"column":2},"end":{"line":46,"column":2}},"31":{"start":{"line":52,"column":2},"end":{"line":52,"column":2}},"32":{"start":{"line":53,"column":3},"end":{"line":53,"column":3}},"33":{"start":{"line":60,"column":1},"end":{"line":60,"column":1}},"34":{"start":{"line":61,"column":2},"end":{"line":61,"column":2}},"35":{"start":{"line":62,"column":2},"end":{"line":62,"column":2}},"36":{"start":{"line":64,"column":2},"end":{"line":64,"column":2}},"37":{"start":{"line":70,"column":2},"end":{"line":70,"column":2}},"38":{"start":{"line":71,"column":3},"end":{"line":71,"column":3}},"39":{"start":{"line":78,"column":1},"end":{"line":78,"column":1}},"40":{"start":{"line":79,"column":2},"end":{"line":79,"column":2}},"41":{"start":{"line":80,"column":2},"end":{"line":80,"column":2}},"42":{"start":{"line":84,"column":2},"end":{"line":84,"column":2}},"43":{"start":{"line":88,"column":1},"end":{"line":88,"column":1}},"44":{"start":{"line":89,"column":2},"end":{"line":89,"column":2}},"45":{"start":{"line":90,"column":2},"end":{"line":90,"column":2}},"46":{"start":{"line":94,"column":2},"end":{"line":94,"column":2}},"47":{"start":{"line":98,"column":1},"end":{"line":98,"column":1}},"48":{"start":{"line":99,"column":2},"end":{"line":99,"column":2}},"49":{"start":{"line":100,"column":2},"end":{"line":100,"column":2}},"50":{"start":{"line":101,"column":2},"end":{"line":101,"column":2}}},"branchMap":{"1":{"line":17,"type":"cond-expr","locations":[{"start":{"line":0,"column":0},"end":{"line":0,"column":0},"skip":true},{"start":{"line":0,"column":0},"end":{"line":0,"column":0},"skip":true}]},"2":{"line":17,"type":"binary-expr","locations":[{"start":{"line":0,"column":0},"end":{"line":0,"column":0},"skip":true},{"start":{"line":0,"column":0},"end":{"line":0,"column":0},"skip":true}]},"3":{"line":24,"type":"if","locations":[{"start":{"line":11,"column":2},"end":{"line":11,"column":2}},{"start":{"line":11,"column":2},"end":{"line":11,"column":2}}]},"4":{"line":34,"type":"if","locations":[{"start":{"line":21,"column":4},"end":{"line":21,"column":4}},{"start":{"line":21,"column":4},"end":{"line":21,"column":4}}]}}},"/Users/minzhou/Downloads/hw5 2/src/components/app.js":{"path":"/Users/minzhou/Downloads/hw5 2/src/components/app.js","s":{"1":1,"2":1,"3":1,"4":1,"5":1,"6":1,"7":1,"8":1,"9":1,"10":1,"11":1,"12":1,"13":1,"14":1,"15":5,"16":1,"17":0,"18":0,"19":0,"20":0,"21":0,"22":0,"23":0,"24":0,"25":0,"26":0,"27":0,"28":0,"29":1,"30":0},"b":{"1":[4,1],"2":[5,5],"3":[0,0,0],"4":[0,0]},"f":{"1":5,"2":0,"3":0},"fnMap":{"1":{"name":"_interopRequireDefault","line":30,"loc":{"start":{"line":0,"column":0},"end":{"line":0,"column":0},"skip":true},"skip":true},"2":{"name":"App","line":32,"loc":{"start":{"line":11,"column":19},"end":{"line":11,"column":35}}},"3":{"name":"(anonymous_3)","line":61,"loc":{"start":{"line":40,"column":4},"end":{"line":40,"column":15}}}},"statementMap":{"1":{"start":{"line":0,"column":0},"end":{"line":0,"column":0},"skip":true},"2":{"start":{"line":0,"column":0},"end":{"line":0,"column":0},"skip":true},"3":{"start":{"line":1,"column":-15},"end":{"line":1,"column":-15}},"4":{"start":{"line":0,"column":0},"end":{"line":0,"column":0},"skip":true},"5":{"start":{"line":2,"column":0},"end":{"line":2,"column":0}},"6":{"start":{"line":4,"column":0},"end":{"line":4,"column":0}},"7":{"start":{"line":0,"column":0},"end":{"line":0,"column":0},"skip":true},"8":{"start":{"line":5,"column":0},"end":{"line":5,"column":0}},"9":{"start":{"line":0,"column":0},"end":{"line":0,"column":0},"skip":true},"10":{"start":{"line":6,"column":0},"end":{"line":6,"column":0}},"11":{"start":{"line":0,"column":0},"end":{"line":0,"column":0},"skip":true},"12":{"start":{"line":7,"column":0},"end":{"line":7,"column":0}},"13":{"start":{"line":0,"column":0},"end":{"line":0,"column":0},"skip":true},"14":{"start":{"line":0,"column":0},"end":{"line":0,"column":0},"skip":true},"15":{"start":{"line":0,"column":0},"end":{"line":0,"column":0},"skip":true},"16":{"start":{"line":11,"column":7},"end":{"line":11,"column":7}},"17":{"start":{"line":11,"column":35},"end":{"line":11,"column":35}},"18":{"start":{"line":13,"column":4},"end":{"line":13,"column":4}},"19":{"start":{"line":15,"column":4},"end":{"line":15,"column":4}},"20":{"start":{"line":16,"column":21},"end":{"line":16,"column":37}},"21":{"start":{"line":16,"column":37},"end":{"line":16,"column":37}},"22":{"start":{"line":17,"column":24},"end":{"line":17,"column":43}},"23":{"start":{"line":17,"column":43},"end":{"line":17,"column":43}},"24":{"start":{"line":18,"column":17},"end":{"line":18,"column":36}},"25":{"start":{"line":18,"column":36},"end":{"line":18,"column":36}},"26":{"start":{"line":20,"column":4},"end":{"line":28,"column":6}},"27":{"start":{"line":22,"column":8},"end":{"line":22,"column":8}},"28":{"start":{"line":29,"column":4},"end":{"line":29,"column":4}},"29":{"start":{"line":0,"column":0},"end":{"line":0,"column":0},"skip":true},"30":{"start":{"line":41,"column":8},"end":{"line":41,"column":8}}},"branchMap":{"1":{"line":30,"type":"cond-expr","locations":[{"start":{"line":0,"column":0},"end":{"line":0,"column":0},"skip":true},{"start":{"line":0,"column":0},"end":{"line":0,"column":0},"skip":true}]},"2":{"line":30,"type":"binary-expr","locations":[{"start":{"line":0,"column":0},"end":{"line":0,"column":0},"skip":true},{"start":{"line":0,"column":0},"end":{"line":0,"column":0},"skip":true}]},"3":{"line":38,"type":"switch","locations":[{"start":{"line":16,"column":8},"end":{"line":16,"column":37}},{"start":{"line":17,"column":8},"end":{"line":17,"column":43}},{"start":{"line":18,"column":8},"end":{"line":18,"column":36}}]},"4":{"line":46,"type":"if","locations":[{"start":{"line":20,"column":4},"end":{"line":20,"column":4}},{"start":{"line":20,"column":4},"end":{"line":20,"column":4}}]}}},"/Users/minzhou/Downloads/hw5 2/src/components/auth/landing.js":{"path":"/Users/minzhou/Downloads/hw5 2/src/components/auth/landing.js","s":{"1":1,"2":1,"3":1,"4":1,"5":1,"6":1,"7":1,"8":1,"9":1,"10":3,"11":1,"12":0,"13":0,"14":1,"15":1,"16":0},"b":{"1":[2,1],"2":[3,3],"3":[0,0],"4":[0,0]},"f":{"1":3,"2":0,"3":0},"fnMap":{"1":{"name":"_interopRequireDefault","line":21,"loc":{"start":{"line":0,"column":0},"end":{"line":0,"column":0},"skip":true},"skip":true},"2":{"name":"Landing","line":23,"loc":{"start":{"line":6,"column":16},"end":{"line":6,"column":16}}},"3":{"name":"(anonymous_3)","line":95,"loc":{"start":{"line":48,"column":4},"end":{"line":48,"column":15}}}},"statementMap":{"1":{"start":{"line":0,"column":0},"end":{"line":0,"column":0},"skip":true},"2":{"start":{"line":1,"column":-15},"end":{"line":1,"column":-15}},"3":{"start":{"line":0,"column":0},"end":{"line":0,"column":0},"skip":true},"4":{"start":{"line":2,"column":0},"end":{"line":2,"column":0}},"5":{"start":{"line":4,"column":0},"end":{"line":4,"column":0}},"6":{"start":{"line":0,"column":0},"end":{"line":0,"column":0},"skip":true},"7":{"start":{"line":5,"column":0},"end":{"line":5,"column":0}},"8":{"start":{"line":0,"column":0},"end":{"line":0,"column":0},"skip":true},"9":{"start":{"line":0,"column":0},"end":{"line":0,"column":0},"skip":true},"10":{"start":{"line":0,"column":0},"end":{"line":0,"column":0},"skip":true},"11":{"start":{"line":6,"column":0},"end":{"line":6,"column":0}},"12":{"start":{"line":6,"column":16},"end":{"line":6,"column":16}},"13":{"start":{"line":6,"column":16},"end":{"line":6,"column":16}},"14":{"start":{"line":42,"column":0},"end":{"line":42,"column":0}},"15":{"start":{"line":0,"column":0},"end":{"line":0,"column":0},"skip":true},"16":{"start":{"line":49,"column":8},"end":{"line":49,"column":8}}},"branchMap":{"1":{"line":21,"type":"cond-expr","locations":[{"start":{"line":0,"column":0},"end":{"line":0,"column":0},"skip":true},{"start":{"line":0,"column":0},"end":{"line":0,"column":0},"skip":true}]},"2":{"line":21,"type":"binary-expr","locations":[{"start":{"line":0,"column":0},"end":{"line":0,"column":0},"skip":true},{"start":{"line":0,"column":0},"end":{"line":0,"column":0},"skip":true}]},"3":{"line":50,"type":"cond-expr","locations":[{"start":{"line":17,"column":36},"end":{"line":17,"column":18}},{"start":{"line":18,"column":20},"end":{"line":16,"column":8}}]},"4":{"line":59,"type":"cond-expr","locations":[{"start":{"line":22,"column":36},"end":{"line":22,"column":18}},{"start":{"line":23,"column":20},"end":{"line":23,"column":20}}]}}},"/Users/minzhou/Downloads/hw5 2/src/components/auth/login.js":{"path":"/Users/minzhou/Downloads/hw5 2/src/components/auth/login.js","s":{"1":1,"2":1,"3":1,"4":1,"5":1,"6":1,"7":1,"8":1,"9":0,"10":0,"11":0,"12":0,"13":0,"14":0,"15":1,"16":1,"17":0,"18":0},"b":{"1":[0,1],"2":[1,1]},"f":{"1":1,"2":0,"3":0,"4":0,"5":0,"6":0,"7":0},"fnMap":{"1":{"name":"_interopRequireDefault","line":15,"loc":{"start":{"line":0,"column":0},"end":{"line":0,"column":0},"skip":true},"skip":true},"2":{"name":"Login","line":17,"loc":{"start":{"line":7,"column":14},"end":{"line":7,"column":32}}},"3":{"name":"ref","line":28,"loc":{"start":{"line":13,"column":84},"end":{"line":13,"column":94}}},"4":{"name":"ref","line":36,"loc":{"start":{"line":17,"column":92},"end":{"line":17,"column":102}}},"5":{"name":"onClick","line":45,"loc":{"start":{"line":22,"column":21},"end":{"line":22,"column":21}}},"6":{"name":"(anonymous_6)","line":56,"loc":{"start":{"line":32,"column":2},"end":{"line":32,"column":16}}},"7":{"name":"localLogin","line":58,"loc":{"start":{"line":34,"column":18},"end":{"line":34,"column":18}}}},"statementMap":{"1":{"start":{"line":0,"column":0},"end":{"line":0,"column":0},"skip":true},"2":{"start":{"line":2,"column":0},"end":{"line":2,"column":0}},"3":{"start":{"line":0,"column":0},"end":{"line":0,"column":0},"skip":true},"4":{"start":{"line":3,"column":0},"end":{"line":3,"column":0}},"5":{"start":{"line":5,"column":0},"end":{"line":5,"column":0}},"6":{"start":{"line":0,"column":0},"end":{"line":0,"column":0},"skip":true},"7":{"start":{"line":0,"column":0},"end":{"line":0,"column":0},"skip":true},"8":{"start":{"line":0,"column":0},"end":{"line":0,"column":0},"skip":true},"9":{"start":{"line":7,"column":32},"end":{"line":7,"column":32}},"10":{"start":{"line":8,"column":4},"end":{"line":8,"column":4}},"11":{"start":{"line":9,"column":4},"end":{"line":9,"column":4}},"12":{"start":{"line":13,"column":96},"end":{"line":13,"column":96}},"13":{"start":{"line":17,"column":104},"end":{"line":17,"column":104}},"14":{"start":{"line":22,"column":21},"end":{"line":22,"column":21}},"15":{"start":{"line":27,"column":0},"end":{"line":27,"column":0}},"16":{"start":{"line":0,"column":0},"end":{"line":0,"column":0},"skip":true},"17":{"start":{"line":33,"column":4},"end":{"line":33,"column":4}},"18":{"start":{"line":34,"column":18},"end":{"line":34,"column":18}}},"branchMap":{"1":{"line":15,"type":"cond-expr","locations":[{"start":{"line":0,"column":0},"end":{"line":0,"column":0},"skip":true},{"start":{"line":0,"column":0},"end":{"line":0,"column":0},"skip":true}]},"2":{"line":15,"type":"binary-expr","locations":[{"start":{"line":0,"column":0},"end":{"line":0,"column":0},"skip":true},{"start":{"line":0,"column":0},"end":{"line":0,"column":0},"skip":true}]}}},"/Users/minzhou/Downloads/hw5 2/src/components/auth/authActions.js":{"path":"/Users/minzhou/Downloads/hw5 2/src/components/auth/authActions.js","s":{"1":1,"2":1,"3":1,"4":1,"5":1,"6":1,"7":1,"8":1,"9":1,"10":1,"11":1,"12":1,"13":1,"14":1,"15":0,"16":0,"17":0,"18":0,"19":0,"20":0,"21":1,"22":2,"23":2,"24":1,"25":1,"26":2,"27":1,"28":1,"29":1,"30":0,"31":0,"32":1,"33":0,"34":0,"35":0,"36":0,"37":0,"38":0,"39":0,"40":0,"41":0,"42":0},"b":{"1":[1,0],"2":[1,1],"3":[0,0],"4":[0,0,0,0,0,0],"5":[0,0]},"f":{"1":1,"2":1,"3":0,"4":0,"5":0,"6":2,"7":2,"8":1,"9":2,"10":1,"11":1,"12":0,"13":0,"14":0,"15":0,"16":0},"fnMap":{"1":{"name":"_interopRequireDefault","line":21,"loc":{"start":{"line":0,"column":0},"end":{"line":0,"column":0},"skip":true},"skip":true},"2":{"name":"initialVisit","line":23,"loc":{"start":{"line":7,"column":7},"end":{"line":7,"column":31}}},"3":{"name":"(anonymous_3)","line":25,"loc":{"start":{"line":9,"column":11},"end":{"line":9,"column":25}}},"4":{"name":"(anonymous_4)","line":27,"loc":{"start":{"line":11,"column":42},"end":{"line":11,"column":56}}},"5":{"name":"(anonymous_5)","line":36,"loc":{"start":{"line":20,"column":17},"end":{"line":20,"column":26}}},"6":{"name":"localLogin","line":42,"loc":{"start":{"line":26,"column":7},"end":{"line":26,"column":46}}},"7":{"name":"(anonymous_7)","line":43,"loc":{"start":{"line":27,"column":11},"end":{"line":27,"column":25}}},"8":{"name":"(anonymous_8)","line":44,"loc":{"start":{"line":29,"column":14},"end":{"line":29,"column":28}}},"9":{"name":"(anonymous_9)","line":47,"loc":{"start":{"line":32,"column":17},"end":{"line":32,"column":26}}},"10":{"name":"logout","line":53,"loc":{"start":{"line":38,"column":7},"end":{"line":38,"column":25}}},"11":{"name":"(anonymous_11)","line":54,"loc":{"start":{"line":39,"column":11},"end":{"line":39,"column":25}}},"12":{"name":"(anonymous_12)","line":55,"loc":{"start":{"line":42,"column":15},"end":{"line":42,"column":24}}},"13":{"name":"register","line":62,"loc":{"start":{"line":49,"column":7},"end":{"line":49,"column":78}}},"14":{"name":"(anonymous_14)","line":70,"loc":{"start":{"line":50,"column":11},"end":{"line":50,"column":25}}},"15":{"name":"(anonymous_15)","line":80,"loc":{"start":{"line":61,"column":14},"end":{"line":61,"column":28}}},"16":{"name":"(anonymous_16)","line":82,"loc":{"start":{"line":64,"column":17},"end":{"line":64,"column":26}}}},"statementMap":{"1":{"start":{"line":0,"column":0},"end":{"line":0,"column":0},"skip":true},"2":{"start":{"line":0,"column":0},"end":{"line":0,"column":0},"skip":true},"3":{"start":{"line":0,"column":0},"end":{"line":0,"column":0},"skip":true},"4":{"start":{"line":0,"column":0},"end":{"line":0,"column":0},"skip":true},"5":{"start":{"line":0,"column":0},"end":{"line":0,"column":0},"skip":true},"6":{"start":{"line":1,"column":-15},"end":{"line":1,"column":-15}},"7":{"start":{"line":0,"column":0},"end":{"line":0,"column":0},"skip":true},"8":{"start":{"line":3,"column":0},"end":{"line":3,"column":0}},"9":{"start":{"line":4,"column":0},"end":{"line":4,"column":0}},"10":{"start":{"line":5,"column":0},"end":{"line":5,"column":0}},"11":{"start":{"line":0,"column":0},"end":{"line":0,"column":0},"skip":true},"12":{"start":{"line":0,"column":0},"end":{"line":0,"column":0},"skip":true},"13":{"start":{"line":7,"column":7},"end":{"line":24,"column":1}},"14":{"start":{"line":9,"column":4},"end":{"line":9,"column":4}},"15":{"start":{"line":11,"column":8},"end":{"line":11,"column":8}},"16":{"start":{"line":12,"column":12},"end":{"line":12,"column":12}},"17":{"start":{"line":13,"column":12},"end":{"line":13,"column":12}},"18":{"start":{"line":17,"column":12},"end":{"line":17,"column":12}},"19":{"start":{"line":18,"column":12},"end":{"line":18,"column":12}},"20":{"start":{"line":19,"column":12},"end":{"line":19,"column":12}},"21":{"start":{"line":26,"column":7},"end":{"line":36,"column":1}},"22":{"start":{"line":27,"column":4},"end":{"line":27,"column":4}},"23":{"start":{"line":28,"column":8},"end":{"line":28,"column":8}},"24":{"start":{"line":30,"column":12},"end":{"line":30,"column":12}},"25":{"start":{"line":31,"column":12},"end":{"line":31,"column":12}},"26":{"start":{"line":33,"column":12},"end":{"line":33,"column":12}},"27":{"start":{"line":38,"column":7},"end":{"line":47,"column":1}},"28":{"start":{"line":39,"column":4},"end":{"line":39,"column":4}},"29":{"start":{"line":40,"column":8},"end":{"line":40,"column":8}},"30":{"start":{"line":43,"column":12},"end":{"line":43,"column":12}},"31":{"start":{"line":44,"column":12},"end":{"line":44,"column":12}},"32":{"start":{"line":49,"column":7},"end":{"line":68,"column":1}},"33":{"start":{"line":49,"column":78},"end":{"line":49,"column":78}},"34":{"start":{"line":50,"column":4},"end":{"line":50,"column":4}},"35":{"start":{"line":51,"column":8},"end":{"line":53,"column":9}},"36":{"start":{"line":52,"column":12},"end":{"line":52,"column":12}},"37":{"start":{"line":55,"column":8},"end":{"line":55,"column":8}},"38":{"start":{"line":56,"column":8},"end":{"line":58,"column":9}},"39":{"start":{"line":57,"column":12},"end":{"line":57,"column":12}},"40":{"start":{"line":60,"column":8},"end":{"line":60,"column":8}},"41":{"start":{"line":62,"column":12},"end":{"line":62,"column":12}},"42":{"start":{"line":65,"column":12},"end":{"line":65,"column":12}}},"branchMap":{"1":{"line":21,"type":"cond-expr","locations":[{"start":{"line":0,"column":0},"end":{"line":0,"column":0},"skip":true},{"start":{"line":0,"column":0},"end":{"line":0,"column":0},"skip":true}]},"2":{"line":21,"type":"binary-expr","locations":[{"start":{"line":0,"column":0},"end":{"line":0,"column":0},"skip":true},{"start":{"line":0,"column":0},"end":{"line":0,"column":0},"skip":true}]},"3":{"line":71,"type":"if","locations":[{"start":{"line":51,"column":8},"end":{"line":51,"column":8}},{"start":{"line":51,"column":8},"end":{"line":51,"column":8}}]},"4":{"line":71,"type":"binary-expr","locations":[{"start":{"line":51,"column":12},"end":{"line":51,"column":12}},{"start":{"line":51,"column":25},"end":{"line":51,"column":12}},{"start":{"line":51,"column":35},"end":{"line":51,"column":12}},{"start":{"line":51,"column":45},"end":{"line":51,"column":12}},{"start":{"line":51,"column":57},"end":{"line":51,"column":12}},{"start":{"line":51,"column":70},"end":{"line":51,"column":8}}]},"5":{"line":76,"type":"if","locations":[{"start":{"line":56,"column":8},"end":{"line":56,"column":8}},{"start":{"line":56,"column":8},"end":{"line":56,"column":8}}]}}},"/Users/minzhou/Downloads/hw5 2/src/components/main/followingActions.js":{"path":"/Users/minzhou/Downloads/hw5 2/src/components/main/followingActions.js","s":{"1":1,"2":1,"3":1,"4":1,"5":1,"6":1,"7":1,"8":1,"9":1,"10":1,"11":2,"12":1,"13":0,"14":1,"15":0,"16":1,"17":0,"18":1,"19":0,"20":0,"21":0,"22":0,"23":0,"24":0,"25":0,"26":0,"27":0,"28":0,"29":0,"30":0,"31":0,"32":0,"33":0,"34":0,"35":0,"36":0,"37":0,"38":0,"39":0,"40":0,"41":0},"b":{"1":[1,1],"2":[2,2],"3":[0,0],"4":[0,0],"5":[0,0],"6":[0,0],"7":[0,0],"8":[0,0],"9":[0,0],"10":[0,0]},"f":{"1":2,"2":0,"3":0,"4":0,"5":0,"6":0,"7":0,"8":0,"9":0,"10":0,"11":0,"12":0,"13":0,"14":0},"fnMap":{"1":{"name":"_interopRequireDefault","line":19,"loc":{"start":{"line":0,"column":0},"end":{"line":0,"column":0},"skip":true},"skip":true},"2":{"name":"showInputBar","line":21,"loc":{"start":{"line":4,"column":7},"end":{"line":4,"column":30}}},"3":{"name":"delFollower","line":26,"loc":{"start":{"line":9,"column":7},"end":{"line":9,"column":34}}},"4":{"name":"addFollower","line":29,"loc":{"start":{"line":12,"column":7},"end":{"line":12,"column":34}}},"5":{"name":"fetchFollowers","line":33,"loc":{"start":{"line":17,"column":7},"end":{"line":17,"column":43}}},"6":{"name":"(anonymous_6)","line":34,"loc":{"start":{"line":18,"column":8},"end":{"line":18,"column":32}}},"7":{"name":"(anonymous_7)","line":38,"loc":{"start":{"line":23,"column":8},"end":{"line":23,"column":13}}},"8":{"name":"(anonymous_8)","line":46,"loc":{"start":{"line":31,"column":49},"end":{"line":31,"column":63}}},"9":{"name":"(anonymous_9)","line":52,"loc":{"start":{"line":38,"column":22},"end":{"line":38,"column":27}}},"10":{"name":"(anonymous_10)","line":53,"loc":{"start":{"line":39,"column":37},"end":{"line":39,"column":42}}},"11":{"name":"(anonymous_11)","line":62,"loc":{"start":{"line":49,"column":22},"end":{"line":49,"column":27}}},"12":{"name":"(anonymous_12)","line":63,"loc":{"start":{"line":50,"column":35},"end":{"line":50,"column":40}}},"13":{"name":"(anonymous_13)","line":71,"loc":{"start":{"line":58,"column":49},"end":{"line":58,"column":55}}},"14":{"name":"(anonymous_14)","line":74,"loc":{"start":{"line":63,"column":9},"end":{"line":63,"column":18}}}},"statementMap":{"1":{"start":{"line":0,"column":0},"end":{"line":0,"column":0},"skip":true},"2":{"start":{"line":0,"column":0},"end":{"line":0,"column":0},"skip":true},"3":{"start":{"line":0,"column":0},"end":{"line":0,"column":0},"skip":true},"4":{"start":{"line":0,"column":0},"end":{"line":0,"column":0},"skip":true},"5":{"start":{"line":0,"column":0},"end":{"line":0,"column":0},"skip":true},"6":{"start":{"line":1,"column":-15},"end":{"line":1,"column":-15}},"7":{"start":{"line":0,"column":0},"end":{"line":0,"column":0},"skip":true},"8":{"start":{"line":2,"column":0},"end":{"line":2,"column":0}},"9":{"start":{"line":0,"column":0},"end":{"line":0,"column":0},"skip":true},"10":{"start":{"line":0,"column":0},"end":{"line":0,"column":0},"skip":true},"11":{"start":{"line":0,"column":0},"end":{"line":0,"column":0},"skip":true},"12":{"start":{"line":4,"column":7},"end":{"line":8,"column":1}},"13":{"start":{"line":5,"column":6},"end":{"line":5,"column":6}},"14":{"start":{"line":9,"column":7},"end":{"line":11,"column":1}},"15":{"start":{"line":10,"column":1},"end":{"line":10,"column":1}},"16":{"start":{"line":12,"column":7},"end":{"line":14,"column":1}},"17":{"start":{"line":13,"column":1},"end":{"line":13,"column":1}},"18":{"start":{"line":17,"column":7},"end":{"line":67,"column":1}},"19":{"start":{"line":18,"column":1},"end":{"line":18,"column":1}},"20":{"start":{"line":19,"column":2},"end":{"line":21,"column":3}},"21":{"start":{"line":20,"column":3},"end":{"line":20,"column":3}},"22":{"start":{"line":22,"column":2},"end":{"line":22,"column":2}},"23":{"start":{"line":25,"column":3},"end":{"line":27,"column":13}},"24":{"start":{"line":26,"column":16},"end":{"line":26,"column":16}},"25":{"start":{"line":29,"column":12},"end":{"line":29,"column":12}},"26":{"start":{"line":31,"column":12},"end":{"line":31,"column":12}},"27":{"start":{"line":32,"column":13},"end":{"line":32,"column":13}},"28":{"start":{"line":33,"column":13},"end":{"line":33,"column":13}},"29":{"start":{"line":37,"column":12},"end":{"line":37,"column":12}},"30":{"start":{"line":39,"column":17},"end":{"line":39,"column":17}},"31":{"start":{"line":40,"column":18},"end":{"line":40,"column":18}},"32":{"start":{"line":41,"column":18},"end":{"line":43,"column":19}},"33":{"start":{"line":42,"column":19},"end":{"line":42,"column":19}},"34":{"start":{"line":48,"column":12},"end":{"line":48,"column":12}},"35":{"start":{"line":50,"column":17},"end":{"line":50,"column":17}},"36":{"start":{"line":51,"column":18},"end":{"line":51,"column":18}},"37":{"start":{"line":52,"column":18},"end":{"line":54,"column":19}},"38":{"start":{"line":53,"column":19},"end":{"line":53,"column":19}},"39":{"start":{"line":58,"column":12},"end":{"line":58,"column":12}},"40":{"start":{"line":59,"column":13},"end":{"line":59,"column":13}},"41":{"start":{"line":64,"column":3},"end":{"line":64,"column":3}}},"branchMap":{"1":{"line":19,"type":"cond-expr","locations":[{"start":{"line":0,"column":0},"end":{"line":0,"column":0},"skip":true},{"start":{"line":0,"column":0},"end":{"line":0,"column":0},"skip":true}]},"2":{"line":19,"type":"binary-expr","locations":[{"start":{"line":0,"column":0},"end":{"line":0,"column":0},"skip":true},{"start":{"line":0,"column":0},"end":{"line":0,"column":0},"skip":true}]},"3":{"line":35,"type":"if","locations":[{"start":{"line":19,"column":2},"end":{"line":19,"column":2}},{"start":{"line":19,"column":2},"end":{"line":19,"column":2}}]},"4":{"line":35,"type":"binary-expr","locations":[{"start":{"line":19,"column":5},"end":{"line":19,"column":5}},{"start":{"line":19,"column":25},"end":{"line":19,"column":2}}]},"5":{"line":38,"type":"cond-expr","locations":[{"start":{"line":22,"column":20},"end":{"line":22,"column":11}},{"start":{"line":22,"column":29},"end":{"line":22,"column":2}}]},"6":{"line":38,"type":"cond-expr","locations":[{"start":{"line":22,"column":58},"end":{"line":22,"column":51}},{"start":{"line":22,"column":71},"end":{"line":22,"column":36}}]},"7":{"line":40,"type":"if","locations":[{"start":{"line":25,"column":3},"end":{"line":25,"column":3}},{"start":{"line":25,"column":3},"end":{"line":25,"column":3}}]},"8":{"line":40,"type":"binary-expr","locations":[{"start":{"line":25,"column":7},"end":{"line":25,"column":7}},{"start":{"line":25,"column":26},"end":{"line":25,"column":3}}]},"9":{"line":55,"type":"if","locations":[{"start":{"line":41,"column":18},"end":{"line":41,"column":18}},{"start":{"line":41,"column":18},"end":{"line":41,"column":18}}]},"10":{"line":65,"type":"if","locations":[{"start":{"line":52,"column":18},"end":{"line":52,"column":18}},{"start":{"line":52,"column":18},"end":{"line":52,"column":18}}]}}},"/Users/minzhou/Downloads/hw5 2/src/components/article/articleActions.js":{"path":"/Users/minzhou/Downloads/hw5 2/src/components/article/articleActions.js","s":{"1":1,"2":1,"3":1,"4":1,"5":1,"6":1,"7":1,"8":1,"9":1,"10":1,"11":0,"12":0,"13":0,"14":0,"15":0,"16":1,"17":0,"18":1,"19":0,"20":0,"21":0,"22":0,"23":0,"24":1,"25":0,"26":0,"27":0,"28":0,"29":0,"30":0,"31":0,"32":0,"33":0,"34":0,"35":0,"36":0,"37":0,"38":0,"39":0,"40":0,"41":0,"42":0,"43":0,"44":1,"45":0,"46":0,"47":0,"48":0,"49":0,"50":0,"51":0},"b":{"1":[1,0],"2":[1,1],"3":[0,0],"4":[0,0]},"f":{"1":1,"2":0,"3":0,"4":0,"5":0,"6":0,"7":0,"8":0,"9":0,"10":0,"11":0,"12":0,"13":0,"14":0,"15":0,"16":0,"17":0,"18":0,"19":0},"fnMap":{"1":{"name":"_interopRequireDefault","line":15,"loc":{"start":{"line":0,"column":0},"end":{"line":0,"column":0},"skip":true},"skip":true},"2":{"name":"_toConsumableArray","line":17,"loc":{"start":{"line":0,"column":0},"end":{"line":0,"column":0},"skip":true},"skip":true},"3":{"name":"searchKeyword","line":19,"loc":{"start":{"line":3,"column":7},"end":{"line":3,"column":39}}},"4":{"name":"uploadArticle","line":23,"loc":{"start":{"line":8,"column":7},"end":{"line":8,"column":38}}},"5":{"name":"(anonymous_5)","line":24,"loc":{"start":{"line":9,"column":8},"end":{"line":9,"column":22}}},"6":{"name":"(anonymous_6)","line":26,"loc":{"start":{"line":12,"column":14},"end":{"line":12,"column":28}}},"7":{"name":"fetchArticles","line":33,"loc":{"start":{"line":19,"column":7},"end":{"line":19,"column":31}}},"8":{"name":"(anonymous_8)","line":34,"loc":{"start":{"line":20,"column":8},"end":{"line":20,"column":32}}},"9":{"name":"(anonymous_9)","line":35,"loc":{"start":{"line":22,"column":8},"end":{"line":22,"column":13}}},"10":{"name":"(anonymous_10)","line":36,"loc":{"start":{"line":23,"column":41},"end":{"line":23,"column":55}}},"11":{"name":"(anonymous_11)","line":46,"loc":{"start":{"line":33,"column":45},"end":{"line":33,"column":59}}},"12":{"name":"(anonymous_12)","line":48,"loc":{"start":{"line":35,"column":33},"end":{"line":35,"column":33}}},"13":{"name":"(anonymous_13)","line":50,"loc":{"start":{"line":35,"column":62},"end":{"line":35,"column":62}}},"14":{"name":"(anonymous_14)","line":54,"loc":{"start":{"line":37,"column":26},"end":{"line":37,"column":26}}},"15":{"name":"(anonymous_15)","line":60,"loc":{"start":{"line":42,"column":9},"end":{"line":42,"column":14}}},"16":{"name":"(anonymous_16)","line":61,"loc":{"start":{"line":43,"column":22},"end":{"line":43,"column":31}}},"17":{"name":"editArticle","line":69,"loc":{"start":{"line":52,"column":7},"end":{"line":52,"column":47}}},"18":{"name":"(anonymous_18)","line":70,"loc":{"start":{"line":53,"column":8},"end":{"line":53,"column":22}}},"19":{"name":"(anonymous_19)","line":73,"loc":{"start":{"line":57,"column":14},"end":{"line":57,"column":28}}}},"statementMap":{"1":{"start":{"line":0,"column":0},"end":{"line":0,"column":0},"skip":true},"2":{"start":{"line":0,"column":0},"end":{"line":0,"column":0},"skip":true},"3":{"start":{"line":0,"column":0},"end":{"line":0,"column":0},"skip":true},"4":{"start":{"line":0,"column":0},"end":{"line":0,"column":0},"skip":true},"5":{"start":{"line":0,"column":0},"end":{"line":0,"column":0},"skip":true},"6":{"start":{"line":1,"column":-15},"end":{"line":1,"column":-15}},"7":{"start":{"line":0,"column":0},"end":{"line":0,"column":0},"skip":true},"8":{"start":{"line":0,"column":0},"end":{"line":0,"column":0},"skip":true},"9":{"start":{"line":0,"column":0},"end":{"line":0,"column":0},"skip":true},"10":{"start":{"line":0,"column":0},"end":{"line":0,"column":0},"skip":true},"11":{"start":{"line":0,"column":0},"end":{"line":0,"column":0},"skip":true},"12":{"start":{"line":0,"column":0},"end":{"line":0,"column":0},"skip":true},"13":{"start":{"line":0,"column":0},"end":{"line":0,"column":0},"skip":true},"14":{"start":{"line":0,"column":0},"end":{"line":0,"column":0},"skip":true},"15":{"start":{"line":0,"column":0},"end":{"line":0,"column":0},"skip":true},"16":{"start":{"line":3,"column":7},"end":{"line":5,"column":1}},"17":{"start":{"line":4,"column":4},"end":{"line":4,"column":4}},"18":{"start":{"line":8,"column":7},"end":{"line":17,"column":1}},"19":{"start":{"line":9,"column":1},"end":{"line":9,"column":1}},"20":{"start":{"line":10,"column":8},"end":{"line":10,"column":8}},"21":{"start":{"line":11,"column":8},"end":{"line":11,"column":8}},"22":{"start":{"line":13,"column":12},"end":{"line":13,"column":12}},"23":{"start":{"line":14,"column":12},"end":{"line":14,"column":12}},"24":{"start":{"line":19,"column":7},"end":{"line":51,"column":1}},"25":{"start":{"line":20,"column":1},"end":{"line":20,"column":1}},"26":{"start":{"line":21,"column":2},"end":{"line":21,"column":2}},"27":{"start":{"line":23,"column":3},"end":{"line":23,"column":3}},"28":{"start":{"line":24,"column":4},"end":{"line":24,"column":4}},"29":{"start":{"line":25,"column":4},"end":{"line":25,"column":4}},"30":{"start":{"line":28,"column":3},"end":{"line":28,"column":3}},"31":{"start":{"line":30,"column":3},"end":{"line":30,"column":3}},"32":{"start":{"line":33,"column":3},"end":{"line":33,"column":3}},"33":{"start":{"line":34,"column":16},"end":{"line":34,"column":16}},"34":{"start":{"line":35,"column":16},"end":{"line":35,"column":16}},"35":{"start":{"line":35,"column":33},"end":{"line":35,"column":33}},"36":{"start":{"line":35,"column":62},"end":{"line":35,"column":62}},"37":{"start":{"line":36,"column":16},"end":{"line":36,"column":16}},"38":{"start":{"line":37,"column":26},"end":{"line":37,"column":26}},"39":{"start":{"line":40,"column":3},"end":{"line":40,"column":3}},"40":{"start":{"line":41,"column":3},"end":{"line":41,"column":3}},"41":{"start":{"line":43,"column":4},"end":{"line":43,"column":4}},"42":{"start":{"line":44,"column":5},"end":{"line":44,"column":5}},"43":{"start":{"line":46,"column":4},"end":{"line":46,"column":4}},"44":{"start":{"line":52,"column":7},"end":{"line":62,"column":1}},"45":{"start":{"line":53,"column":1},"end":{"line":53,"column":1}},"46":{"start":{"line":54,"column":8},"end":{"line":54,"column":8}},"47":{"start":{"line":55,"column":8},"end":{"line":55,"column":23}},"48":{"start":{"line":55,"column":23},"end":{"line":55,"column":23}},"49":{"start":{"line":56,"column":8},"end":{"line":56,"column":8}},"50":{"start":{"line":58,"column":12},"end":{"line":58,"column":12}},"51":{"start":{"line":59,"column":12},"end":{"line":59,"column":12}}},"branchMap":{"1":{"line":15,"type":"cond-expr","locations":[{"start":{"line":0,"column":0},"end":{"line":0,"column":0},"skip":true},{"start":{"line":0,"column":0},"end":{"line":0,"column":0},"skip":true}]},"2":{"line":15,"type":"binary-expr","locations":[{"start":{"line":0,"column":0},"end":{"line":0,"column":0},"skip":true},{"start":{"line":0,"column":0},"end":{"line":0,"column":0},"skip":true}]},"3":{"line":17,"type":"if","locations":[{"start":{"line":0,"column":0},"end":{"line":0,"column":0},"skip":true},{"start":{"line":0,"column":0},"end":{"line":0,"column":0},"skip":true}]},"4":{"line":72,"type":"if","locations":[{"start":{"line":55,"column":8},"end":{"line":55,"column":8}},{"start":{"line":55,"column":8},"end":{"line":55,"column":8}}]}}},"/Users/minzhou/Downloads/hw5 2/src/components/profile/profileActions.js":{"path":"/Users/minzhou/Downloads/hw5 2/src/components/profile/profileActions.js","s":{"1":1,"2":1,"3":1,"4":1,"5":1,"6":1,"7":1,"8":1,"9":1,"10":1,"11":0,"12":0,"13":0,"14":0,"15":0,"16":0,"17":0,"18":0,"19":0,"20":0,"21":0,"22":0,"23":0,"24":0,"25":0,"26":0,"27":1,"28":0,"29":0,"30":1,"31":0,"32":0,"33":0,"34":0,"35":0,"36":0,"37":0,"38":0,"39":1,"40":0,"41":0,"42":0,"43":0,"44":0,"45":1,"46":0,"47":0,"48":0,"49":0,"50":0,"51":0,"52":0,"53":0,"54":0,"55":0,"56":1,"57":0,"58":0,"59":0,"60":0,"61":0,"62":0,"63":0,"64":0,"65":0,"66":0,"67":0,"68":0,"69":0},"b":{"1":[1,0],"2":[1,1],"3":[0,0],"4":[0,0],"5":[0,0],"6":[0,0],"7":[0,0],"8":[0,0],"9":[0,0],"10":[0,0],"11":[0,0],"12":[0,0],"13":[0,0],"14":[0,0],"15":[0,0],"16":[0,0,0,0]},"f":{"1":1,"2":0,"3":0,"4":0,"5":0,"6":0,"7":0,"8":0,"9":0,"10":0,"11":0,"12":0,"13":0,"14":0},"fnMap":{"1":{"name":"_interopRequireDefault","line":15,"loc":{"start":{"line":0,"column":0},"end":{"line":0,"column":0},"skip":true},"skip":true},"2":{"name":"validateProfile","line":17,"loc":{"start":{"line":3,"column":7},"end":{"line":3,"column":83}}},"3":{"name":"updateHeadline","line":57,"loc":{"start":{"line":36,"column":7},"end":{"line":36,"column":41}}},"4":{"name":"(anonymous_4)","line":58,"loc":{"start":{"line":37,"column":11},"end":{"line":37,"column":25}}},"5":{"name":"updateProfile","line":63,"loc":{"start":{"line":42,"column":7},"end":{"line":42,"column":71}}},"6":{"name":"(anonymous_6)","line":70,"loc":{"start":{"line":43,"column":11},"end":{"line":43,"column":25}}},"7":{"name":"fetchProfile","line":81,"loc":{"start":{"line":54,"column":7},"end":{"line":54,"column":31}}},"8":{"name":"(anonymous_8)","line":82,"loc":{"start":{"line":55,"column":11},"end":{"line":55,"column":25}}},"9":{"name":"updateField","line":90,"loc":{"start":{"line":63,"column":0},"end":{"line":63,"column":35}}},"10":{"name":"(anonymous_10)","line":91,"loc":{"start":{"line":64,"column":11},"end":{"line":64,"column":25}}},"11":{"name":"(anonymous_11)","line":95,"loc":{"start":{"line":68,"column":49},"end":{"line":68,"column":63}}},"12":{"name":"fetchField","line":104,"loc":{"start":{"line":80,"column":0},"end":{"line":80,"column":27}}},"13":{"name":"(anonymous_13)","line":105,"loc":{"start":{"line":81,"column":11},"end":{"line":81,"column":25}}},"14":{"name":"(anonymous_14)","line":106,"loc":{"start":{"line":82,"column":36},"end":{"line":82,"column":50}}}},"statementMap":{"1":{"start":{"line":0,"column":0},"end":{"line":0,"column":0},"skip":true},"2":{"start":{"line":0,"column":0},"end":{"line":0,"column":0},"skip":true},"3":{"start":{"line":0,"column":0},"end":{"line":0,"column":0},"skip":true},"4":{"start":{"line":0,"column":0},"end":{"line":0,"column":0},"skip":true},"5":{"start":{"line":0,"column":0},"end":{"line":0,"column":0},"skip":true},"6":{"start":{"line":1,"column":-15},"end":{"line":1,"column":-15}},"7":{"start":{"line":0,"column":0},"end":{"line":0,"column":0},"skip":true},"8":{"start":{"line":0,"column":0},"end":{"line":0,"column":0},"skip":true},"9":{"start":{"line":0,"column":0},"end":{"line":0,"column":0},"skip":true},"10":{"start":{"line":3,"column":7},"end":{"line":34,"column":1}},"11":{"start":{"line":3,"column":83},"end":{"line":3,"column":83}},"12":{"start":{"line":4,"column":4},"end":{"line":8,"column":5}},"13":{"start":{"line":5,"column":8},"end":{"line":7,"column":9}},"14":{"start":{"line":6,"column":12},"end":{"line":6,"column":12}},"15":{"start":{"line":10,"column":4},"end":{"line":14,"column":5}},"16":{"start":{"line":11,"column":8},"end":{"line":13,"column":9}},"17":{"start":{"line":12,"column":12},"end":{"line":12,"column":12}},"18":{"start":{"line":16,"column":4},"end":{"line":20,"column":5}},"19":{"start":{"line":17,"column":8},"end":{"line":19,"column":9}},"20":{"start":{"line":18,"column":12},"end":{"line":18,"column":12}},"21":{"start":{"line":22,"column":4},"end":{"line":24,"column":5}},"22":{"start":{"line":23,"column":8},"end":{"line":23,"column":8}},"23":{"start":{"line":26,"column":4},"end":{"line":31,"column":5}},"24":{"start":{"line":27,"column":8},"end":{"line":29,"column":9}},"25":{"start":{"line":28,"column":12},"end":{"line":28,"column":12}},"26":{"start":{"line":33,"column":4},"end":{"line":33,"column":4}},"27":{"start":{"line":36,"column":7},"end":{"line":40,"column":1}},"28":{"start":{"line":37,"column":4},"end":{"line":37,"column":4}},"29":{"start":{"line":38,"column":8},"end":{"line":38,"column":8}},"30":{"start":{"line":42,"column":7},"end":{"line":52,"column":1}},"31":{"start":{"line":42,"column":71},"end":{"line":42,"column":71}},"32":{"start":{"line":43,"column":4},"end":{"line":43,"column":4}},"33":{"start":{"line":44,"column":8},"end":{"line":44,"column":8}},"34":{"start":{"line":45,"column":8},"end":{"line":47,"column":9}},"35":{"start":{"line":46,"column":12},"end":{"line":46,"column":12}},"36":{"start":{"line":48,"column":8},"end":{"line":48,"column":8}},"37":{"start":{"line":49,"column":8},"end":{"line":49,"column":8}},"38":{"start":{"line":50,"column":8},"end":{"line":50,"column":8}},"39":{"start":{"line":54,"column":7},"end":{"line":61,"column":1}},"40":{"start":{"line":55,"column":4},"end":{"line":55,"column":4}},"41":{"start":{"line":56,"column":8},"end":{"line":56,"column":8}},"42":{"start":{"line":57,"column":8},"end":{"line":57,"column":8}},"43":{"start":{"line":58,"column":8},"end":{"line":58,"column":8}},"44":{"start":{"line":59,"column":8},"end":{"line":59,"column":8}},"45":{"start":{"line":63,"column":0},"end":{"line":78,"column":1}},"46":{"start":{"line":64,"column":4},"end":{"line":64,"column":4}},"47":{"start":{"line":65,"column":8},"end":{"line":76,"column":9}},"48":{"start":{"line":66,"column":12},"end":{"line":66,"column":12}},"49":{"start":{"line":67,"column":12},"end":{"line":67,"column":12}},"50":{"start":{"line":68,"column":12},"end":{"line":68,"column":12}},"51":{"start":{"line":69,"column":16},"end":{"line":69,"column":16}},"52":{"start":{"line":70,"column":16},"end":{"line":70,"column":16}},"53":{"start":{"line":71,"column":16},"end":{"line":74,"column":20}},"54":{"start":{"line":72,"column":20},"end":{"line":71,"column":16}},"55":{"start":{"line":74,"column":20},"end":{"line":74,"column":20}},"56":{"start":{"line":80,"column":0},"end":{"line":97,"column":1}},"57":{"start":{"line":81,"column":4},"end":{"line":81,"column":4}},"58":{"start":{"line":82,"column":8},"end":{"line":82,"column":8}},"59":{"start":{"line":83,"column":12},"end":{"line":83,"column":12}},"60":{"start":{"line":84,"column":12},"end":{"line":84,"column":12}},"61":{"start":{"line":86,"column":20},"end":{"line":86,"column":64}},"62":{"start":{"line":86,"column":64},"end":{"line":86,"column":64}},"63":{"start":{"line":88,"column":20},"end":{"line":88,"column":51}},"64":{"start":{"line":88,"column":51},"end":{"line":88,"column":51}},"65":{"start":{"line":90,"column":20},"end":{"line":90,"column":55}},"66":{"start":{"line":90,"column":55},"end":{"line":90,"column":55}},"67":{"start":{"line":92,"column":20},"end":{"line":92,"column":72}},"68":{"start":{"line":92,"column":72},"end":{"line":92,"column":72}},"69":{"start":{"line":94,"column":12},"end":{"line":94,"column":12}}},"branchMap":{"1":{"line":15,"type":"cond-expr","locations":[{"start":{"line":0,"column":0},"end":{"line":0,"column":0},"skip":true},{"start":{"line":0,"column":0},"end":{"line":0,"column":0},"skip":true}]},"2":{"line":15,"type":"binary-expr","locations":[{"start":{"line":0,"column":0},"end":{"line":0,"column":0},"skip":true},{"start":{"line":0,"column":0},"end":{"line":0,"column":0},"skip":true}]},"3":{"line":25,"type":"if","locations":[{"start":{"line":4,"column":4},"end":{"line":4,"column":4}},{"start":{"line":4,"column":4},"end":{"line":4,"column":4}}]},"4":{"line":26,"type":"if","locations":[{"start":{"line":5,"column":8},"end":{"line":5,"column":8}},{"start":{"line":5,"column":8},"end":{"line":5,"column":8}}]},"5":{"line":31,"type":"if","locations":[{"start":{"line":10,"column":4},"end":{"line":10,"column":4}},{"start":{"line":10,"column":4},"end":{"line":10,"column":4}}]},"6":{"line":32,"type":"if","locations":[{"start":{"line":11,"column":8},"end":{"line":11,"column":8}},{"start":{"line":11,"column":8},"end":{"line":11,"column":8}}]},"7":{"line":37,"type":"if","locations":[{"start":{"line":16,"column":4},"end":{"line":16,"column":4}},{"start":{"line":16,"column":4},"end":{"line":16,"column":4}}]},"8":{"line":38,"type":"if","locations":[{"start":{"line":17,"column":8},"end":{"line":17,"column":8}},{"start":{"line":17,"column":8},"end":{"line":17,"column":8}}]},"9":{"line":43,"type":"if","locations":[{"start":{"line":22,"column":4},"end":{"line":22,"column":4}},{"start":{"line":22,"column":4},"end":{"line":22,"column":4}}]},"10":{"line":47,"type":"if","locations":[{"start":{"line":26,"column":4},"end":{"line":26,"column":4}},{"start":{"line":26,"column":4},"end":{"line":26,"column":4}}]},"11":{"line":47,"type":"binary-expr","locations":[{"start":{"line":26,"column":8},"end":{"line":26,"column":8}},{"start":{"line":26,"column":20},"end":{"line":26,"column":4}}]},"12":{"line":48,"type":"if","locations":[{"start":{"line":27,"column":8},"end":{"line":27,"column":8}},{"start":{"line":27,"column":8},"end":{"line":27,"column":8}}]},"13":{"line":72,"type":"if","locations":[{"start":{"line":45,"column":8},"end":{"line":45,"column":8}},{"start":{"line":45,"column":8},"end":{"line":45,"column":8}}]},"14":{"line":92,"type":"if","locations":[{"start":{"line":65,"column":8},"end":{"line":65,"column":8}},{"start":{"line":65,"column":8},"end":{"line":65,"column":8}}]},"15":{"line":98,"type":"if","locations":[{"start":{"line":71,"column":16},"end":{"line":71,"column":16}},{"start":{"line":71,"column":16},"end":{"line":71,"column":16}}]},"16":{"line":108,"type":"switch","locations":[{"start":{"line":85,"column":16},"end":{"line":86,"column":64}},{"start":{"line":87,"column":16},"end":{"line":88,"column":51}},{"start":{"line":89,"column":16},"end":{"line":90,"column":55}},{"start":{"line":91,"column":16},"end":{"line":92,"column":72}}]}}},"/Users/minzhou/Downloads/hw5 2/src/components/auth/register.js":{"path":"/Users/minzhou/Downloads/hw5 2/src/components/auth/register.js","s":{"1":1,"2":1,"3":1,"4":1,"5":1,"6":1,"7":1,"8":1,"9":0,"10":0,"11":0,"12":0,"13":0,"14":0,"15":0,"16":0,"17":0,"18":0,"19":0,"20":0,"21":0,"22":1,"23":1,"24":0,"25":0},"b":{"1":[0,1],"2":[1,1]},"f":{"1":1,"2":0,"3":0,"4":0,"5":0,"6":0,"7":0,"8":0,"9":0,"10":0,"11":0},"fnMap":{"1":{"name":"_interopRequireDefault","line":15,"loc":{"start":{"line":0,"column":0},"end":{"line":0,"column":0},"skip":true},"skip":true},"2":{"name":"Register","line":17,"loc":{"start":{"line":6,"column":17},"end":{"line":6,"column":33}}},"3":{"name":"onFormSubmit","line":27,"loc":{"start":{"line":9,"column":25},"end":{"line":9,"column":36}}},"4":{"name":"ref","line":61,"loc":{"start":{"line":29,"column":65},"end":{"line":29,"column":65}}},"5":{"name":"ref","line":70,"loc":{"start":{"line":34,"column":86},"end":{"line":34,"column":86}}},"6":{"name":"ref","line":79,"loc":{"start":{"line":39,"column":45},"end":{"line":39,"column":45}}},"7":{"name":"ref","line":88,"loc":{"start":{"line":44,"column":58},"end":{"line":44,"column":58}}},"8":{"name":"ref","line":96,"loc":{"start":{"line":48,"column":93},"end":{"line":48,"column":93}}},"9":{"name":"ref","line":104,"loc":{"start":{"line":52,"column":101},"end":{"line":52,"column":101}}},"10":{"name":"(anonymous_10)","line":122,"loc":{"start":{"line":69,"column":4},"end":{"line":69,"column":18}}},"11":{"name":"register","line":124,"loc":{"start":{"line":71,"column":22},"end":{"line":71,"column":22}}}},"statementMap":{"1":{"start":{"line":0,"column":0},"end":{"line":0,"column":0},"skip":true},"2":{"start":{"line":1,"column":-15},"end":{"line":1,"column":-15}},"3":{"start":{"line":0,"column":0},"end":{"line":0,"column":0},"skip":true},"4":{"start":{"line":2,"column":0},"end":{"line":2,"column":0}},"5":{"start":{"line":4,"column":0},"end":{"line":4,"column":0}},"6":{"start":{"line":0,"column":0},"end":{"line":0,"column":0},"skip":true},"7":{"start":{"line":0,"column":0},"end":{"line":0,"column":0},"skip":true},"8":{"start":{"line":6,"column":0},"end":{"line":6,"column":0}},"9":{"start":{"line":6,"column":33},"end":{"line":6,"column":33}},"10":{"start":{"line":8,"column":4},"end":{"line":8,"column":4}},"11":{"start":{"line":9,"column":4},"end":{"line":9,"column":4}},"12":{"start":{"line":10,"column":8},"end":{"line":10,"column":8}},"13":{"start":{"line":11,"column":8},"end":{"line":11,"column":8}},"14":{"start":{"line":19,"column":8},"end":{"line":19,"column":8}},"15":{"start":{"line":21,"column":4},"end":{"line":21,"column":4}},"16":{"start":{"line":29,"column":65},"end":{"line":29,"column":65}},"17":{"start":{"line":34,"column":86},"end":{"line":34,"column":86}},"18":{"start":{"line":39,"column":45},"end":{"line":39,"column":45}},"19":{"start":{"line":44,"column":58},"end":{"line":44,"column":58}},"20":{"start":{"line":48,"column":93},"end":{"line":48,"column":93}},"21":{"start":{"line":52,"column":101},"end":{"line":52,"column":101}},"22":{"start":{"line":65,"column":0},"end":{"line":65,"column":0}},"23":{"start":{"line":0,"column":0},"end":{"line":0,"column":0},"skip":true},"24":{"start":{"line":70,"column":8},"end":{"line":70,"column":8}},"25":{"start":{"line":71,"column":22},"end":{"line":71,"column":22}}},"branchMap":{"1":{"line":15,"type":"cond-expr","locations":[{"start":{"line":0,"column":0},"end":{"line":0,"column":0},"skip":true},{"start":{"line":0,"column":0},"end":{"line":0,"column":0},"skip":true}]},"2":{"line":15,"type":"binary-expr","locations":[{"start":{"line":0,"column":0},"end":{"line":0,"column":0},"skip":true},{"start":{"line":0,"column":0},"end":{"line":0,"column":0},"skip":true}]}}},"/Users/minzhou/Downloads/hw5 2/src/components/profile/profile.js":{"path":"/Users/minzhou/Downloads/hw5 2/src/components/profile/profile.js","s":{"1":1,"2":1,"3":1,"4":1,"5":1,"6":1,"7":1,"8":1,"9":1,"10":3,"11":1,"12":0,"13":0,"14":1,"15":1,"16":0},"b":{"1":[2,1],"2":[3,3],"3":[0,0],"4":[0,0]},"f":{"1":3,"2":0,"3":0},"fnMap":{"1":{"name":"_interopRequireDefault","line":21,"loc":{"start":{"line":0,"column":0},"end":{"line":0,"column":0},"skip":true},"skip":true},"2":{"name":"Profile","line":23,"loc":{"start":{"line":7,"column":16},"end":{"line":7,"column":32}}},"3":{"name":"(anonymous_3)","line":68,"loc":{"start":{"line":36,"column":4},"end":{"line":36,"column":15}}}},"statementMap":{"1":{"start":{"line":0,"column":0},"end":{"line":0,"column":0},"skip":true},"2":{"start":{"line":1,"column":-15},"end":{"line":1,"column":-15}},"3":{"start":{"line":0,"column":0},"end":{"line":0,"column":0},"skip":true},"4":{"start":{"line":2,"column":0},"end":{"line":2,"column":0}},"5":{"start":{"line":4,"column":0},"end":{"line":4,"column":0}},"6":{"start":{"line":0,"column":0},"end":{"line":0,"column":0},"skip":true},"7":{"start":{"line":5,"column":0},"end":{"line":5,"column":0}},"8":{"start":{"line":0,"column":0},"end":{"line":0,"column":0},"skip":true},"9":{"start":{"line":0,"column":0},"end":{"line":0,"column":0},"skip":true},"10":{"start":{"line":0,"column":0},"end":{"line":0,"column":0},"skip":true},"11":{"start":{"line":7,"column":0},"end":{"line":7,"column":0}},"12":{"start":{"line":7,"column":32},"end":{"line":7,"column":32}},"13":{"start":{"line":8,"column":4},"end":{"line":8,"column":4}},"14":{"start":{"line":31,"column":0},"end":{"line":31,"column":0}},"15":{"start":{"line":0,"column":0},"end":{"line":0,"column":0},"skip":true},"16":{"start":{"line":37,"column":12},"end":{"line":37,"column":12}}},"branchMap":{"1":{"line":21,"type":"cond-expr","locations":[{"start":{"line":0,"column":0},"end":{"line":0,"column":0},"skip":true},{"start":{"line":0,"column":0},"end":{"line":0,"column":0},"skip":true}]},"2":{"line":21,"type":"binary-expr","locations":[{"start":{"line":0,"column":0},"end":{"line":0,"column":0},"skip":true},{"start":{"line":0,"column":0},"end":{"line":0,"column":0},"skip":true}]},"3":{"line":38,"type":"cond-expr","locations":[{"start":{"line":14,"column":36},"end":{"line":14,"column":18}},{"start":{"line":15,"column":20},"end":{"line":13,"column":12}}]},"4":{"line":47,"type":"cond-expr","locations":[{"start":{"line":19,"column":36},"end":{"line":19,"column":18}},{"start":{"line":20,"column":20},"end":{"line":20,"column":20}}]}}},"/Users/minzhou/Downloads/hw5 2/src/components/profile/profileForm.js":{"path":"/Users/minzhou/Downloads/hw5 2/src/components/profile/profileForm.js","s":{"1":1,"2":1,"3":1,"4":1,"5":1,"6":1,"7":1,"8":1,"9":0,"10":0,"11":0,"12":0,"13":0,"14":0,"15":0,"16":0,"17":0,"18":0,"19":1,"20":1,"21":0,"22":0,"23":0},"b":{"1":[0,1],"2":[1,1],"3":[0,0],"4":[0,0]},"f":{"1":1,"2":0,"3":0,"4":0,"5":0,"6":0,"7":0,"8":0,"9":0,"10":0},"fnMap":{"1":{"name":"_interopRequireDefault","line":15,"loc":{"start":{"line":0,"column":0},"end":{"line":0,"column":0},"skip":true},"skip":true},"2":{"name":"ProfileForm","line":17,"loc":{"start":{"line":6,"column":20},"end":{"line":6,"column":68}}},"3":{"name":"onSubmit","line":30,"loc":{"start":{"line":10,"column":24},"end":{"line":10,"column":31}}},"4":{"name":"ref","line":68,"loc":{"start":{"line":33,"column":29},"end":{"line":33,"column":29}}},"5":{"name":"ref","line":85,"loc":{"start":{"line":40,"column":29},"end":{"line":40,"column":29}}},"6":{"name":"ref","line":102,"loc":{"start":{"line":47,"column":29},"end":{"line":47,"column":29}}},"7":{"name":"ref","line":119,"loc":{"start":{"line":54,"column":29},"end":{"line":54,"column":29}}},"8":{"name":"(anonymous_8)","line":147,"loc":{"start":{"line":75,"column":4},"end":{"line":75,"column":15}}},"9":{"name":"(anonymous_9)","line":153,"loc":{"start":{"line":82,"column":4},"end":{"line":82,"column":18}}},"10":{"name":"updateProfile","line":155,"loc":{"start":{"line":84,"column":27},"end":{"line":84,"column":27}}}},"statementMap":{"1":{"start":{"line":0,"column":0},"end":{"line":0,"column":0},"skip":true},"2":{"start":{"line":1,"column":-15},"end":{"line":1,"column":-15}},"3":{"start":{"line":0,"column":0},"end":{"line":0,"column":0},"skip":true},"4":{"start":{"line":2,"column":0},"end":{"line":2,"column":0}},"5":{"start":{"line":4,"column":0},"end":{"line":4,"column":0}},"6":{"start":{"line":0,"column":0},"end":{"line":0,"column":0},"skip":true},"7":{"start":{"line":0,"column":0},"end":{"line":0,"column":0},"skip":true},"8":{"start":{"line":6,"column":0},"end":{"line":6,"column":0}},"9":{"start":{"line":6,"column":68},"end":{"line":6,"column":68}},"10":{"start":{"line":7,"column":4},"end":{"line":7,"column":4}},"11":{"start":{"line":9,"column":4},"end":{"line":9,"column":4}},"12":{"start":{"line":11,"column":12},"end":{"line":11,"column":12}},"13":{"start":{"line":12,"column":12},"end":{"line":12,"column":12}},"14":{"start":{"line":19,"column":12},"end":{"line":19,"column":12}},"15":{"start":{"line":33,"column":29},"end":{"line":33,"column":29}},"16":{"start":{"line":40,"column":29},"end":{"line":40,"column":29}},"17":{"start":{"line":47,"column":29},"end":{"line":47,"column":29}},"18":{"start":{"line":54,"column":29},"end":{"line":54,"column":29}},"19":{"start":{"line":67,"column":0},"end":{"line":67,"column":0}},"20":{"start":{"line":0,"column":0},"end":{"line":0,"column":0},"skip":true},"21":{"start":{"line":76,"column":8},"end":{"line":76,"column":8}},"22":{"start":{"line":83,"column":8},"end":{"line":83,"column":8}},"23":{"start":{"line":84,"column":27},"end":{"line":84,"column":27}}},"branchMap":{"1":{"line":15,"type":"cond-expr","locations":[{"start":{"line":0,"column":0},"end":{"line":0,"column":0},"skip":true},{"start":{"line":0,"column":0},"end":{"line":0,"column":0},"skip":true}]},"2":{"line":15,"type":"binary-expr","locations":[{"start":{"line":0,"column":0},"end":{"line":0,"column":0},"skip":true},{"start":{"line":0,"column":0},"end":{"line":0,"column":0},"skip":true}]},"3":{"line":33,"type":"cond-expr","locations":[{"start":{"line":13,"column":48},"end":{"line":13,"column":22}},{"start":{"line":13,"column":53},"end":{"line":12,"column":28}}]},"4":{"line":35,"type":"cond-expr","locations":[{"start":{"line":15,"column":54},"end":{"line":15,"column":24}},{"start":{"line":15,"column":59},"end":{"line":12,"column":28}}]}}},"/Users/minzhou/Downloads/hw5 2/src/components/profile/avatar.js":{"path":"/Users/minzhou/Downloads/hw5 2/src/components/profile/avatar.js","s":{"1":1,"2":1,"3":1,"4":1,"5":1,"6":1,"7":1,"8":0,"9":0,"10":1,"11":0},"b":{"1":[0,1],"2":[1,1]},"f":{"1":1,"2":0,"3":0},"fnMap":{"1":{"name":"_interopRequireDefault","line":13,"loc":{"start":{"line":0,"column":0},"end":{"line":0,"column":0},"skip":true},"skip":true},"2":{"name":"Avatar","line":15,"loc":{"start":{"line":5,"column":15},"end":{"line":5,"column":26}}},"3":{"name":"(anonymous_3)","line":40,"loc":{"start":{"line":21,"column":4},"end":{"line":21,"column":15}}}},"statementMap":{"1":{"start":{"line":0,"column":0},"end":{"line":0,"column":0},"skip":true},"2":{"start":{"line":1,"column":-15},"end":{"line":1,"column":-15}},"3":{"start":{"line":0,"column":0},"end":{"line":0,"column":0},"skip":true},"4":{"start":{"line":2,"column":0},"end":{"line":2,"column":0}},"5":{"start":{"line":0,"column":0},"end":{"line":0,"column":0},"skip":true},"6":{"start":{"line":0,"column":0},"end":{"line":0,"column":0},"skip":true},"7":{"start":{"line":5,"column":0},"end":{"line":5,"column":0}},"8":{"start":{"line":5,"column":26},"end":{"line":5,"column":26}},"9":{"start":{"line":7,"column":4},"end":{"line":7,"column":4}},"10":{"start":{"line":0,"column":0},"end":{"line":0,"column":0},"skip":true},"11":{"start":{"line":22,"column":8},"end":{"line":22,"column":8}}},"branchMap":{"1":{"line":13,"type":"cond-expr","locations":[{"start":{"line":0,"column":0},"end":{"line":0,"column":0},"skip":true},{"start":{"line":0,"column":0},"end":{"line":0,"column":0},"skip":true}]},"2":{"line":13,"type":"binary-expr","locations":[{"start":{"line":0,"column":0},"end":{"line":0,"column":0},"skip":true},{"start":{"line":0,"column":0},"end":{"line":0,"column":0},"skip":true}]}}},"/Users/minzhou/Downloads/hw5 2/src/components/main/main.js":{"path":"/Users/minzhou/Downloads/hw5 2/src/components/main/main.js","s":{"1":1,"2":1,"3":1,"4":1,"5":1,"6":1,"7":1,"8":1,"9":1,"10":1,"11":4,"12":1,"13":0,"14":1},"b":{"1":[3,1],"2":[4,4]},"f":{"1":4,"2":0},"fnMap":{"1":{"name":"_interopRequireDefault","line":23,"loc":{"start":{"line":0,"column":0},"end":{"line":0,"column":0},"skip":true},"skip":true},"2":{"name":"Main","line":25,"loc":{"start":{"line":6,"column":13},"end":{"line":6,"column":18}}}},"statementMap":{"1":{"start":{"line":0,"column":0},"end":{"line":0,"column":0},"skip":true},"2":{"start":{"line":1,"column":-15},"end":{"line":1,"column":-15}},"3":{"start":{"line":0,"column":0},"end":{"line":0,"column":0},"skip":true},"4":{"start":{"line":2,"column":0},"end":{"line":2,"column":0}},"5":{"start":{"line":0,"column":0},"end":{"line":0,"column":0},"skip":true},"6":{"start":{"line":3,"column":0},"end":{"line":3,"column":0}},"7":{"start":{"line":0,"column":0},"end":{"line":0,"column":0},"skip":true},"8":{"start":{"line":4,"column":0},"end":{"line":4,"column":0}},"9":{"start":{"line":0,"column":0},"end":{"line":0,"column":0},"skip":true},"10":{"start":{"line":0,"column":0},"end":{"line":0,"column":0},"skip":true},"11":{"start":{"line":0,"column":0},"end":{"line":0,"column":0},"skip":true},"12":{"start":{"line":6,"column":0},"end":{"line":6,"column":0}},"13":{"start":{"line":7,"column":2},"end":{"line":7,"column":2}},"14":{"start":{"line":0,"column":0},"end":{"line":0,"column":0},"skip":true}},"branchMap":{"1":{"line":23,"type":"cond-expr","locations":[{"start":{"line":0,"column":0},"end":{"line":0,"column":0},"skip":true},{"start":{"line":0,"column":0},"end":{"line":0,"column":0},"skip":true}]},"2":{"line":23,"type":"binary-expr","locations":[{"start":{"line":0,"column":0},"end":{"line":0,"column":0},"skip":true},{"start":{"line":0,"column":0},"end":{"line":0,"column":0},"skip":true}]}}},"/Users/minzhou/Downloads/hw5 2/src/components/main/headline.js":{"path":"/Users/minzhou/Downloads/hw5 2/src/components/main/headline.js","s":{"1":1,"2":1,"3":1,"4":1,"5":1,"6":1,"7":1,"8":1,"9":1,"10":0,"11":0,"12":0,"13":0,"14":0,"15":0,"16":0,"17":0,"18":0,"19":0,"20":1,"21":1,"22":0,"23":0,"24":0,"25":0},"b":{"1":[0,1],"2":[1,1],"3":[0,0],"4":[0,0],"5":[0,0]},"f":{"1":1,"2":0,"3":0,"4":0,"5":0,"6":0,"7":0,"8":0,"9":0},"fnMap":{"1":{"name":"_interopRequireDefault","line":17,"loc":{"start":{"line":0,"column":0},"end":{"line":0,"column":0},"skip":true},"skip":true},"2":{"name":"HeadLine","line":19,"loc":{"start":{"line":6,"column":17},"end":{"line":6,"column":93}}},"3":{"name":"onClick","line":62,"loc":{"start":{"line":16,"column":96},"end":{"line":16,"column":96}}},"4":{"name":"onSubmit","line":68,"loc":{"start":{"line":18,"column":44},"end":{"line":18,"column":55}}},"5":{"name":"ref","line":76,"loc":{"start":{"line":26,"column":89},"end":{"line":26,"column":99}}},"6":{"name":"(anonymous_6)","line":92,"loc":{"start":{"line":43,"column":1},"end":{"line":43,"column":12}}},"7":{"name":"(anonymous_7)","line":99,"loc":{"start":{"line":51,"column":1},"end":{"line":51,"column":15}}},"8":{"name":"updateHeadline","line":101,"loc":{"start":{"line":53,"column":19},"end":{"line":53,"column":19}}},"9":{"name":"headlineEdit","line":104,"loc":{"start":{"line":54,"column":17},"end":{"line":54,"column":17}}}},"statementMap":{"1":{"start":{"line":0,"column":0},"end":{"line":0,"column":0},"skip":true},"2":{"start":{"line":1,"column":-15},"end":{"line":1,"column":-15}},"3":{"start":{"line":0,"column":0},"end":{"line":0,"column":0},"skip":true},"4":{"start":{"line":2,"column":0},"end":{"line":2,"column":0}},"5":{"start":{"line":3,"column":0},"end":{"line":3,"column":0}},"6":{"start":{"line":4,"column":0},"end":{"line":4,"column":0}},"7":{"start":{"line":0,"column":0},"end":{"line":0,"column":0},"skip":true},"8":{"start":{"line":0,"column":0},"end":{"line":0,"column":0},"skip":true},"9":{"start":{"line":6,"column":0},"end":{"line":6,"column":0}},"10":{"start":{"line":6,"column":93},"end":{"line":6,"column":93}},"11":{"start":{"line":7,"column":1},"end":{"line":7,"column":1}},"12":{"start":{"line":8,"column":1},"end":{"line":8,"column":1}},"13":{"start":{"line":16,"column":96},"end":{"line":16,"column":96}},"14":{"start":{"line":19,"column":6},"end":{"line":19,"column":6}},"15":{"start":{"line":20,"column":6},"end":{"line":24,"column":7}},"16":{"start":{"line":21,"column":7},"end":{"line":21,"column":7}},"17":{"start":{"line":22,"column":7},"end":{"line":22,"column":7}},"18":{"start":{"line":23,"column":7},"end":{"line":23,"column":7}},"19":{"start":{"line":26,"column":101},"end":{"line":26,"column":101}},"20":{"start":{"line":34,"column":0},"end":{"line":34,"column":0}},"21":{"start":{"line":0,"column":0},"end":{"line":0,"column":0},"skip":true},"22":{"start":{"line":44,"column":2},"end":{"line":44,"column":2}},"23":{"start":{"line":52,"column":2},"end":{"line":52,"column":2}},"24":{"start":{"line":53,"column":19},"end":{"line":53,"column":19}},"25":{"start":{"line":54,"column":17},"end":{"line":54,"column":17}}},"branchMap":{"1":{"line":17,"type":"cond-expr","locations":[{"start":{"line":0,"column":0},"end":{"line":0,"column":0},"skip":true},{"start":{"line":0,"column":0},"end":{"line":0,"column":0},"skip":true}]},"2":{"line":17,"type":"binary-expr","locations":[{"start":{"line":0,"column":0},"end":{"line":0,"column":0},"skip":true},{"start":{"line":0,"column":0},"end":{"line":0,"column":0},"skip":true}]},"3":{"line":66,"type":"cond-expr","locations":[{"start":{"line":17,"column":25},"end":{"line":17,"column":5}},{"start":{"line":18,"column":5},"end":{"line":18,"column":5}}]},"4":{"line":70,"type":"if","locations":[{"start":{"line":20,"column":6},"end":{"line":20,"column":6}},{"start":{"line":20,"column":6},"end":{"line":20,"column":6}}]},"5":{"line":70,"type":"binary-expr","locations":[{"start":{"line":20,"column":9},"end":{"line":20,"column":9}},{"start":{"line":20,"column":24},"end":{"line":20,"column":6}}]}}},"/Users/minzhou/Downloads/hw5 2/src/components/main/following.js":{"path":"/Users/minzhou/Downloads/hw5 2/src/components/main/following.js","s":{"1":1,"2":1,"3":1,"4":1,"5":1,"6":1,"7":1,"8":1,"9":0,"10":0,"11":0,"12":0,"13":0,"14":0,"15":0,"16":0,"17":0,"18":0,"19":0,"20":0,"21":0,"22":0,"23":1,"24":1,"25":0,"26":0,"27":0,"28":0,"29":0},"b":{"1":[0,1],"2":[1,1],"3":[0,0],"4":[0,0],"5":[0,0],"6":[0,0],"7":[0,0]},"f":{"1":1,"2":0,"3":0,"4":0,"5":0,"6":0,"7":0,"8":0,"9":0,"10":0,"11":0,"12":0,"13":0},"fnMap":{"1":{"name":"_interopRequireDefault","line":15,"loc":{"start":{"line":0,"column":0},"end":{"line":0,"column":0},"skip":true},"skip":true},"2":{"name":"Followers","line":17,"loc":{"start":{"line":5,"column":18},"end":{"line":5,"column":96}}},"3":{"name":"onClick","line":40,"loc":{"start":{"line":11,"column":61},"end":{"line":11,"column":61}}},"4":{"name":"onSubmit","line":50,"loc":{"start":{"line":13,"column":45},"end":{"line":13,"column":56}}},"5":{"name":"ref","line":60,"loc":{"start":{"line":23,"column":96},"end":{"line":23,"column":106}}},"6":{"name":"(anonymous_6)","line":78,"loc":{"start":{"line":32,"column":44},"end":{"line":32,"column":44}}},"7":{"name":"(anonymous_7)","line":80,"loc":{"start":{"line":32,"column":69},"end":{"line":32,"column":69}}},"8":{"name":"onClick","line":114,"loc":{"start":{"line":41,"column":66},"end":{"line":41,"column":66}}},"9":{"name":"(anonymous_9)","line":134,"loc":{"start":{"line":59,"column":1},"end":{"line":59,"column":12}}},"10":{"name":"(anonymous_10)","line":140,"loc":{"start":{"line":66,"column":1},"end":{"line":66,"column":15}}},"11":{"name":"delFollower","line":142,"loc":{"start":{"line":68,"column":16},"end":{"line":68,"column":16}}},"12":{"name":"addFollower","line":145,"loc":{"start":{"line":69,"column":16},"end":{"line":69,"column":16}}},"13":{"name":"showInputBar","line":148,"loc":{"start":{"line":70,"column":17},"end":{"line":70,"column":17}}}},"statementMap":{"1":{"start":{"line":0,"column":0},"end":{"line":0,"column":0},"skip":true},"2":{"start":{"line":1,"column":-15},"end":{"line":1,"column":-15}},"3":{"start":{"line":0,"column":0},"end":{"line":0,"column":0},"skip":true},"4":{"start":{"line":2,"column":0},"end":{"line":2,"column":0}},"5":{"start":{"line":3,"column":0},"end":{"line":3,"column":0}},"6":{"start":{"line":0,"column":0},"end":{"line":0,"column":0},"skip":true},"7":{"start":{"line":0,"column":0},"end":{"line":0,"column":0},"skip":true},"8":{"start":{"line":5,"column":0},"end":{"line":5,"column":0}},"9":{"start":{"line":5,"column":96},"end":{"line":5,"column":96}},"10":{"start":{"line":7,"column":1},"end":{"line":7,"column":1}},"11":{"start":{"line":8,"column":2},"end":{"line":8,"column":2}},"12":{"start":{"line":11,"column":61},"end":{"line":11,"column":61}},"13":{"start":{"line":14,"column":7},"end":{"line":14,"column":7}},"14":{"start":{"line":15,"column":7},"end":{"line":21,"column":8}},"15":{"start":{"line":16,"column":8},"end":{"line":16,"column":8}},"16":{"start":{"line":17,"column":8},"end":{"line":17,"column":8}},"17":{"start":{"line":18,"column":8},"end":{"line":20,"column":9}},"18":{"start":{"line":19,"column":9},"end":{"line":19,"column":9}},"19":{"start":{"line":23,"column":108},"end":{"line":23,"column":108}},"20":{"start":{"line":32,"column":44},"end":{"line":32,"column":44}},"21":{"start":{"line":32,"column":69},"end":{"line":32,"column":69}},"22":{"start":{"line":41,"column":66},"end":{"line":41,"column":66}},"23":{"start":{"line":49,"column":0},"end":{"line":49,"column":0}},"24":{"start":{"line":0,"column":0},"end":{"line":0,"column":0},"skip":true},"25":{"start":{"line":60,"column":2},"end":{"line":60,"column":2}},"26":{"start":{"line":67,"column":2},"end":{"line":67,"column":2}},"27":{"start":{"line":68,"column":16},"end":{"line":68,"column":16}},"28":{"start":{"line":69,"column":16},"end":{"line":69,"column":16}},"29":{"start":{"line":70,"column":17},"end":{"line":70,"column":17}}},"branchMap":{"1":{"line":15,"type":"cond-expr","locations":[{"start":{"line":0,"column":0},"end":{"line":0,"column":0},"skip":true},{"start":{"line":0,"column":0},"end":{"line":0,"column":0},"skip":true}]},"2":{"line":15,"type":"binary-expr","locations":[{"start":{"line":0,"column":0},"end":{"line":0,"column":0},"skip":true},{"start":{"line":0,"column":0},"end":{"line":0,"column":0},"skip":true}]},"3":{"line":48,"type":"cond-expr","locations":[{"start":{"line":12,"column":30},"end":{"line":12,"column":9}},{"start":{"line":13,"column":6},"end":{"line":13,"column":6}}]},"4":{"line":52,"type":"if","locations":[{"start":{"line":15,"column":7},"end":{"line":15,"column":7}},{"start":{"line":15,"column":7},"end":{"line":15,"column":7}}]},"5":{"line":52,"type":"binary-expr","locations":[{"start":{"line":15,"column":10},"end":{"line":15,"column":10}},{"start":{"line":15,"column":25},"end":{"line":15,"column":7}}]},"6":{"line":55,"type":"if","locations":[{"start":{"line":18,"column":8},"end":{"line":18,"column":8}},{"start":{"line":18,"column":8},"end":{"line":18,"column":8}}]},"7":{"line":69,"type":"cond-expr","locations":[{"start":{"line":27,"column":29},"end":{"line":27,"column":9}},{"start":{"line":28,"column":20},"end":{"line":28,"column":20}}]}}},"/Users/minzhou/Downloads/hw5 2/src/components/article/articlesView.js":{"path":"/Users/minzhou/Downloads/hw5 2/src/components/article/articlesView.js","s":{"1":1,"2":1,"3":0,"4":0,"5":0,"6":0,"7":0,"8":0,"9":1,"10":1,"11":1,"12":1,"13":1,"14":1,"15":1,"16":1,"17":1,"18":1,"19":3,"20":1,"21":0,"22":0,"23":0,"24":0,"25":0,"26":0,"27":0,"28":0,"29":0,"30":0,"31":0,"32":1,"33":1,"34":1,"35":2,"36":1,"37":1,"38":1,"39":2,"40":0,"41":1,"42":0,"43":0,"44":0,"45":0,"46":0,"47":0,"48":0,"49":0,"50":0,"51":0},"b":{"1":[1,0],"2":[0,0],"3":[2,1],"4":[3,3],"5":[0,0],"6":[0,0],"7":[1,0],"8":[0,0],"9":[1,0],"10":[1,1],"11":[2,1]},"f":{"1":0,"2":3,"3":0,"4":0,"5":0,"6":0,"7":0,"8":1,"9":2,"10":1,"11":2,"12":0,"13":0,"14":0,"15":0,"16":0},"fnMap":{"1":{"name":"(anonymous_1)","line":7,"loc":{"start":{"line":0,"column":0},"end":{"line":0,"column":0},"skip":true},"skip":true},"2":{"name":"_interopRequireDefault","line":27,"loc":{"start":{"line":0,"column":0},"end":{"line":0,"column":0},"skip":true},"skip":true},"3":{"name":"ArticlesView","line":29,"loc":{"start":{"line":7,"column":21},"end":{"line":7,"column":60}}},"4":{"name":"ref","line":43,"loc":{"start":{"line":14,"column":10},"end":{"line":14,"column":10}}},"5":{"name":"onChange","line":46,"loc":{"start":{"line":15,"column":15},"end":{"line":15,"column":15}}},"6":{"name":"(anonymous_6)","line":50,"loc":{"start":{"line":17,"column":19},"end":{"line":17,"column":28}}},"7":{"name":"(anonymous_7)","line":54,"loc":{"start":{"line":23,"column":15},"end":{"line":23,"column":15}}},"8":{"name":"filterFunction","line":67,"loc":{"start":{"line":39,"column":7},"end":{"line":39,"column":52}}},"9":{"name":"(anonymous_9)","line":69,"loc":{"start":{"line":41,"column":50},"end":{"line":41,"column":50}}},"10":{"name":"(anonymous_10)","line":71,"loc":{"start":{"line":41,"column":81},"end":{"line":41,"column":81}}},"11":{"name":"(anonymous_11)","line":76,"loc":{"start":{"line":44,"column":31},"end":{"line":44,"column":39}}},"12":{"name":"(anonymous_12)","line":83,"loc":{"start":{"line":53,"column":1},"end":{"line":53,"column":12}}},"13":{"name":"(anonymous_13)","line":90,"loc":{"start":{"line":60,"column":38},"end":{"line":60,"column":47}}},"14":{"name":"(anonymous_14)","line":91,"loc":{"start":{"line":61,"column":86},"end":{"line":61,"column":93}}},"15":{"name":"(anonymous_15)","line":99,"loc":{"start":{"line":70,"column":1},"end":{"line":70,"column":15}}},"16":{"name":"searchKeyword","line":101,"loc":{"start":{"line":72,"column":18},"end":{"line":72,"column":18}}}},"statementMap":{"1":{"start":{"line":0,"column":0},"end":{"line":0,"column":0},"skip":true},"2":{"start":{"line":0,"column":0},"end":{"line":0,"column":0},"skip":true},"3":{"start":{"line":0,"column":0},"end":{"line":0,"column":0},"skip":true},"4":{"start":{"line":0,"column":0},"end":{"line":0,"column":0},"skip":true},"5":{"start":{"line":0,"column":0},"end":{"line":0,"column":0},"skip":true},"6":{"start":{"line":0,"column":0},"end":{"line":0,"column":0},"skip":true},"7":{"start":{"line":0,"column":0},"end":{"line":0,"column":0},"skip":true},"8":{"start":{"line":0,"column":0},"end":{"line":0,"column":0},"skip":true},"9":{"start":{"line":0,"column":0},"end":{"line":0,"column":0},"skip":true},"10":{"start":{"line":1,"column":-15},"end":{"line":1,"column":-15}},"11":{"start":{"line":0,"column":0},"end":{"line":0,"column":0},"skip":true},"12":{"start":{"line":2,"column":0},"end":{"line":2,"column":0}},"13":{"start":{"line":3,"column":0},"end":{"line":3,"column":0}},"14":{"start":{"line":0,"column":0},"end":{"line":0,"column":0},"skip":true},"15":{"start":{"line":4,"column":0},"end":{"line":4,"column":0}},"16":{"start":{"line":5,"column":0},"end":{"line":5,"column":0}},"17":{"start":{"line":0,"column":0},"end":{"line":0,"column":0},"skip":true},"18":{"start":{"line":0,"column":0},"end":{"line":0,"column":0},"skip":true},"19":{"start":{"line":0,"column":0},"end":{"line":0,"column":0},"skip":true},"20":{"start":{"line":7,"column":0},"end":{"line":7,"column":0}},"21":{"start":{"line":7,"column":60},"end":{"line":7,"column":60}},"22":{"start":{"line":8,"column":1},"end":{"line":8,"column":1}},"23":{"start":{"line":9,"column":1},"end":{"line":9,"column":1}},"24":{"start":{"line":14,"column":10},"end":{"line":14,"column":10}},"25":{"start":{"line":15,"column":15},"end":{"line":15,"column":15}},"26":{"start":{"line":18,"column":10},"end":{"line":19,"column":12}},"27":{"start":{"line":19,"column":12},"end":{"line":19,"column":12}},"28":{"start":{"line":20,"column":10},"end":{"line":21,"column":12}},"29":{"start":{"line":21,"column":12},"end":{"line":21,"column":12}},"30":{"start":{"line":22,"column":10},"end":{"line":22,"column":10}},"31":{
[...]
d-expr","locations":[{"start":{"line":39,"column":51},"end":{"line":39,"column":51}},{"start":{"line":39,"column":32},"end":{"line":39,"column":51}}]},"20":{"line":70,"type":"binary-expr","locations":[{"start":{"line":39,"column":51},"end":{"line":39,"column":51}},{"start":{"line":39,"column":51},"end":{"line":39,"column":51}}]},"21":{"line":74,"type":"switch","locations":[{"start":{"line":42,"column":2},"end":{"line":43,"column":3}},{"start":{"line":44,"column":4},"end":{"line":45,"column":6}},{"start":{"line":46,"column":4},"end":{"line":47,"column":6}},{"start":{"line":48,"column":2},"end":{"line":49,"column":6}}]},"22":{"line":87,"type":"cond-expr","locations":[{"start":{"line":53,"column":61},"end":{"line":53,"column":61}},{"start":{"line":53,"column":34},"end":{"line":53,"column":61}}]},"23":{"line":87,"type":"binary-expr","locations":[{"start":{"line":53,"column":61},"end":{"line":53,"column":61}},{"start":{"line":53,"column":61},"end":{"line":53,"column":61}}]},"24":{"line":90,"type":"switch","locations":[{"start":{"line":55,"column":8},"end":{"line":56,"column":12}},{"start":{"line":58,"column":8},"end":{"line":59,"column":12}}]},"25":{"line":100,"type":"cond-expr","locations":[{"start":{"line":63,"column":104},"end":{"line":63,"column":104}},{"start":{"line":63,"column":31},"end":{"line":63,"column":104}}]},"26":{"line":100,"type":"binary-expr","locations":[{"start":{"line":63,"column":104},"end":{"line":63,"column":104}},{"start":{"line":63,"column":104},"end":{"line":63,"column":104}}]},"27":{"line":103,"type":"switch","locations":[{"start":{"line":65,"column":2},"end":{"line":66,"column":3}},{"start":{"line":67,"column":4},"end":{"line":68,"column":6}},{"start":{"line":69,"column":4},"end":{"line":70,"column":6}},{"start":{"line":71,"column":4},"end":{"line":72,"column":6}}]},"28":{"line":116,"type":"cond-expr","locations":[{"start":{"line":76,"column":89},"end":{"line":76,"column":89}},{"start":{"line":76,"column":33},"end":{"line":76,"column":89}}]},"29":{"line":116,"type":"binary-expr","locations":[{"start":{"line":76,"column":89},"end":{"line":76,"column":89}},{"start":{"line":76,"column":89},"end":{"line":76,"column":89}}]},"30":{"line":119,"type":"switch","locations":[{"start":{"line":78,"column":2},"end":{"line":79,"column":12}},{"start":{"line":80,"column":8},"end":{"line":81,"column":9}},{"start":{"line":82,"column":8},"end":{"line":83,"column":9}},{"start":{"line":84,"column":8},"end":{"line":87,"column":10}},{"start":{"line":88,"column":8},"end":{"line":93,"column":10}},{"start":{"line":94,"column":8},"end":{"line":95,"column":9}}]},"31":{"line":132,"type":"if","locations":[{"start":{"line":90,"column":10},"end":{"line":90,"column":10}},{"start":{"line":90,"column":10},"end":{"line":90,"column":10}}]}}},"/Users/minzhou/Downloads/hw5 2/src/components/auth/authActions.spec.js":{"path":"/Users/minzhou/Downloads/hw5 2/src/components/auth/authActions.spec.js","s":{"1":1,"2":1,"3":1,"4":1,"5":1,"6":1,"7":1,"8":1,"9":1,"10":3,"11":1,"12":0,"13":0,"14":0,"15":0,"16":0,"17":0,"18":0,"19":0,"20":0,"21":0,"22":0,"23":0,"24":0,"25":0,"26":0,"27":0,"28":0,"29":0,"30":0,"31":0,"32":0,"33":0,"34":0,"35":0,"36":0,"37":0,"38":0,"39":0},"b":{"1":[1,2],"2":[3,3],"3":[0,0],"4":[0,0]},"f":{"1":3,"2":0,"3":0,"4":0,"5":0,"6":0,"7":0,"8":0,"9":0,"10":0},"fnMap":{"1":{"name":"_interopRequireDefault","line":19,"loc":{"start":{"line":0,"column":0},"end":{"line":0,"column":0},"skip":true},"skip":true},"2":{"name":"(anonymous_2)","line":21,"loc":{"start":{"line":7,"column":63},"end":{"line":7,"column":69}}},"3":{"name":"(anonymous_3)","line":23,"loc":{"start":{"line":9,"column":12},"end":{"line":9,"column":18}}},"4":{"name":"(anonymous_4)","line":31,"loc":{"start":{"line":17,"column":11},"end":{"line":17,"column":17}}},"5":{"name":"(anonymous_5)","line":38,"loc":{"start":{"line":25,"column":67},"end":{"line":25,"column":75}}},"6":{"name":"(anonymous_6)","line":49,"loc":{"start":{"line":39,"column":12},"end":{"line":39,"column":22}}},"7":{"name":"(anonymous_7)","line":60,"loc":{"start":{"line":52,"column":69},"end":{"line":52,"column":77}}},"8":{"name":"(anonymous_8)","line":72,"loc":{"start":{"line":68,"column":12},"end":{"line":68,"column":22}}},"9":{"name":"(anonymous_9)","line":82,"loc":{"start":{"line":80,"column":38},"end":{"line":80,"column":46}}},"10":{"name":"(anonymous_10)","line":88,"loc":{"start":{"line":88,"column":12},"end":{"line":88,"column":22}}}},"statementMap":{"1":{"start":{"line":1,"column":-15},"end":{"line":1,"column":-15}},"2":{"start":{"line":2,"column":0},"end":{"line":2,"column":0}},"3":{"start":{"line":0,"column":0},"end":{"line":0,"column":0},"skip":true},"4":{"start":{"line":3,"column":0},"end":{"line":3,"column":0}},"5":{"start":{"line":0,"column":0},"end":{"line":0,"column":0},"skip":true},"6":{"start":{"line":4,"column":0},"end":{"line":4,"column":0}},"7":{"start":{"line":0,"column":0},"end":{"line":0,"column":0},"skip":true},"8":{"start":{"line":5,"column":0},"end":{"line":5,"column":0}},"9":{"start":{"line":0,"column":0},"end":{"line":0,"column":0},"skip":true},"10":{"start":{"line":0,"column":0},"end":{"line":0,"column":0},"skip":true},"11":{"start":{"line":7,"column":0},"end":{"line":7,"column":0}},"12":{"start":{"line":9,"column":1},"end":{"line":9,"column":1}},"13":{"start":{"line":10,"column":2},"end":{"line":14,"column":5}},"14":{"start":{"line":11,"column":3},"end":{"line":11,"column":3}},"15":{"start":{"line":12,"column":3},"end":{"line":12,"column":3}},"16":{"start":{"line":13,"column":3},"end":{"line":13,"column":3}},"17":{"start":{"line":17,"column":1},"end":{"line":17,"column":1}},"18":{"start":{"line":18,"column":4},"end":{"line":21,"column":5}},"19":{"start":{"line":19,"column":3},"end":{"line":19,"column":3}},"20":{"start":{"line":20,"column":3},"end":{"line":20,"column":3}},"21":{"start":{"line":25,"column":1},"end":{"line":25,"column":1}},"22":{"start":{"line":27,"column":8},"end":{"line":27,"column":8}},"23":{"start":{"line":28,"column":8},"end":{"line":28,"column":8}},"24":{"start":{"line":31,"column":8},"end":{"line":31,"column":8}},"25":{"start":{"line":38,"column":8},"end":{"line":38,"column":8}},"26":{"start":{"line":41,"column":20},"end":{"line":41,"column":20}},"27":{"start":{"line":46,"column":20},"end":{"line":46,"column":20}},"28":{"start":{"line":52,"column":5},"end":{"line":52,"column":5}},"29":{"start":{"line":54,"column":8},"end":{"line":54,"column":8}},"30":{"start":{"line":55,"column":8},"end":{"line":55,"column":8}},"31":{"start":{"line":58,"column":8},"end":{"line":58,"column":8}},"32":{"start":{"line":67,"column":8},"end":{"line":67,"column":8}},"33":{"start":{"line":69,"column":20},"end":{"line":69,"column":20}},"34":{"start":{"line":74,"column":20},"end":{"line":74,"column":20}},"35":{"start":{"line":80,"column":4},"end":{"line":80,"column":4}},"36":{"start":{"line":81,"column":8},"end":{"line":81,"column":8}},"37":{"start":{"line":87,"column":8},"end":{"line":87,"column":8}},"38":{"start":{"line":89,"column":16},"end":{"line":89,"column":16}},"39":{"start":{"line":92,"column":16},"end":{"line":92,"column":16}}},"branchMap":{"1":{"line":19,"type":"cond-expr","locations":[{"start":{"line":0,"column":0},"end":{"line":0,"column":0},"skip":true},{"start":{"line":0,"column":0},"end":{"line":0,"column":0},"skip":true}]},"2":{"line":19,"type":"binary-expr","locations":[{"start":{"line":0,"column":0},"end":{"line":0,"column":0},"skip":true},{"start":{"line":0,"column":0},"end":{"line":0,"column":0},"skip":true}]},"3":{"line":24,"type":"if","locations":[{"start":{"line":10,"column":2},"end":{"line":10,"column":2}},{"start":{"line":10,"column":2},"end":{"line":10,"column":2}}]},"4":{"line":32,"type":"if","locations":[{"start":{"line":18,"column":4},"end":{"line":18,"column":4}},{"start":{"line":18,"column":4},"end":{"line":18,"column":4}}]}}},"/Users/minzhou/Downloads/hw5 2/src/components/profile/profileActions.spec.js":{"path":"/Users/minzhou/Downloads/hw5 2/src/components/profile/profileActions.spec.js","s":{"1":1,"2":1,"3":1,"4":1,"5":1,"6":1,"7":1,"8":1,"9":3,"10":1,"11":1,"12":0,"13":0,"14":0,"15":0,"16":0,"17":0,"18":0,"19":0,"20":0,"21":0,"22":0,"23":0,"24":0,"25":0,"26":0,"27":0,"28":0,"29":0,"30":0,"31":0,"32":0,"33":0,"34":0,"35":0,"36":0,"37":0,"38":0,"39":0,"40":0,"41":0,"42":0,"43":0,"44":0,"45":0,"46":0,"47":0,"48":0,"49":0},"b":{"1":[1,2],"2":[3,3],"3":[0,0],"4":[0,0],"5":[0,0],"6":[0,0],"7":[0,0]},"f":{"1":3,"2":0,"3":0,"4":0,"5":0,"6":0,"7":0,"8":0,"9":0,"10":0},"fnMap":{"1":{"name":"_interopRequireDefault","line":17,"loc":{"start":{"line":0,"column":0},"end":{"line":0,"column":0},"skip":true},"skip":true},"2":{"name":"(anonymous_2)","line":21,"loc":{"start":{"line":8,"column":55},"end":{"line":8,"column":61}}},"3":{"name":"(anonymous_3)","line":23,"loc":{"start":{"line":11,"column":13},"end":{"line":11,"column":19}}},"4":{"name":"(anonymous_4)","line":32,"loc":{"start":{"line":20,"column":12},"end":{"line":20,"column":18}}},"5":{"name":"(anonymous_5)","line":39,"loc":{"start":{"line":27,"column":31},"end":{"line":27,"column":41}}},"6":{"name":"(anonymous_6)","line":50,"loc":{"start":{"line":39,"column":8},"end":{"line":39,"column":8}}},"7":{"name":"(anonymous_7)","line":51,"loc":{"start":{"line":39,"column":17},"end":{"line":39,"column":27}}},"8":{"name":"(anonymous_8)","line":60,"loc":{"start":{"line":48,"column":49},"end":{"line":48,"column":59}}},"9":{"name":"(anonymous_9)","line":85,"loc":{"start":{"line":76,"column":8},"end":{"line":76,"column":8}}},"10":{"name":"(anonymous_10)","line":86,"loc":{"start":{"line":76,"column":17},"end":{"line":76,"column":27}}}},"statementMap":{"1":{"start":{"line":1,"column":-15},"end":{"line":1,"column":-15}},"2":{"start":{"line":2,"column":0},"end":{"line":2,"column":0}},"3":{"start":{"line":0,"column":0},"end":{"line":0,"column":0},"skip":true},"4":{"start":{"line":3,"column":0},"end":{"line":3,"column":0}},"5":{"start":{"line":0,"column":0},"end":{"line":0,"column":0},"skip":true},"6":{"start":{"line":4,"column":0},"end":{"line":4,"column":0}},"7":{"start":{"line":0,"column":0},"end":{"line":0,"column":0},"skip":true},"8":{"start":{"line":0,"column":0},"end":{"line":0,"column":0},"skip":true},"9":{"start":{"line":0,"column":0},"end":{"line":0,"column":0},"skip":true},"10":{"start":{"line":6,"column":0},"end":{"line":6,"column":0}},"11":{"start":{"line":8,"column":0},"end":{"line":8,"column":0}},"12":{"start":{"line":11,"column":2},"end":{"line":11,"column":2}},"13":{"start":{"line":12,"column":6},"end":{"line":16,"column":7}},"14":{"start":{"line":13,"column":6},"end":{"line":13,"column":6}},"15":{"start":{"line":14,"column":6},"end":{"line":14,"column":6}},"16":{"start":{"line":15,"column":6},"end":{"line":15,"column":6}},"17":{"start":{"line":17,"column":6},"end":{"line":17,"column":6}},"18":{"start":{"line":20,"column":2},"end":{"line":20,"column":2}},"19":{"start":{"line":21,"column":6},"end":{"line":24,"column":7}},"20":{"start":{"line":22,"column":6},"end":{"line":22,"column":6}},"21":{"start":{"line":23,"column":6},"end":{"line":23,"column":6}},"22":{"start":{"line":27,"column":2},"end":{"line":27,"column":2}},"23":{"start":{"line":29,"column":6},"end":{"line":29,"column":6}},"24":{"start":{"line":30,"column":6},"end":{"line":30,"column":6}},"25":{"start":{"line":32,"column":6},"end":{"line":32,"column":6}},"26":{"start":{"line":38,"column":6},"end":{"line":38,"column":6}},"27":{"start":{"line":39,"column":8},"end":{"line":39,"column":8}},"28":{"start":{"line":40,"column":8},"end":{"line":40,"column":8}},"29":{"start":{"line":43,"column":8},"end":{"line":43,"column":8}},"30":{"start":{"line":48,"column":2},"end":{"line":48,"column":2}},"31":{"start":{"line":50,"column":6},"end":{"line":50,"column":6}},"32":{"start":{"line":51,"column":6},"end":{"line":51,"column":6}},"33":{"start":{"line":52,"column":6},"end":{"line":52,"column":6}},"34":{"start":{"line":55,"column":6},"end":{"line":55,"column":6}},"35":{"start":{"line":61,"column":6},"end":{"line":61,"column":6}},"36":{"start":{"line":67,"column":6},"end":{"line":67,"column":6}},"37":{"start":{"line":74,"column":6},"end":{"line":74,"column":6}},"38":{"start":{"line":75,"column":6},"end":{"line":75,"column":6}},"39":{"start":{"line":76,"column":8},"end":{"line":76,"column":8}},"40":{"start":{"line":79,"column":16},"end":{"line":99,"column":17}},"41":{"start":{"line":80,"column":20},"end":{"line":80,"column":20}},"42":{"start":{"line":83,"column":20},"end":{"line":83,"column":20}},"43":{"start":{"line":85,"column":21},"end":{"line":99,"column":17}},"44":{"start":{"line":87,"column":20},"end":{"line":87,"column":20}},"45":{"start":{"line":90,"column":20},"end":{"line":90,"column":20}},"46":{"start":{"line":92,"column":21},"end":{"line":99,"column":17}},"47":{"start":{"line":94,"column":20},"end":{"line":94,"column":20}},"48":{"start":{"line":97,"column":20},"end":{"line":97,"column":20}},"49":{"start":{"line":98,"column":20},"end":{"line":98,"column":20}}},"branchMap":{"1":{"line":17,"type":"cond-expr","locations":[{"start":{"line":0,"column":0},"end":{"line":0,"column":0},"skip":true},{"start":{"line":0,"column":0},"end":{"line":0,"column":0},"skip":true}]},"2":{"line":17,"type":"binary-expr","locations":[{"start":{"line":0,"column":0},"end":{"line":0,"column":0},"skip":true},{"start":{"line":0,"column":0},"end":{"line":0,"column":0},"skip":true}]},"3":{"line":24,"type":"if","locations":[{"start":{"line":12,"column":6},"end":{"line":12,"column":6}},{"start":{"line":12,"column":6},"end":{"line":12,"column":6}}]},"4":{"line":33,"type":"if","locations":[{"start":{"line":21,"column":6},"end":{"line":21,"column":6}},{"start":{"line":21,"column":6},"end":{"line":21,"column":6}}]},"5":{"line":88,"type":"if","locations":[{"start":{"line":79,"column":16},"end":{"line":79,"column":16}},{"start":{"line":79,"column":16},"end":{"line":79,"column":16}}]},"6":{"line":93,"type":"if","locations":[{"start":{"line":85,"column":21},"end":{"line":85,"column":21}},{"start":{"line":85,"column":21},"end":{"line":85,"column":21}}]},"7":{"line":99,"type":"if","locations":[{"start":{"line":92,"column":21},"end":{"line":92,"column":21}},{"start":{"line":92,"column":21},"end":{"line":92,"column":21}}]}}},"/Users/minzhou/Downloads/hw5 2/src/components/profile/profileForm.spec.js":{"path":"/Users/minzhou/Downloads/hw5 2/src/components/profile/profileForm.spec.js","s":{},"b":{},"f":{},"fnMap":{},"statementMap":{},"branchMap":{}},"/Users/minzhou/Downloads/hw5 2/src/index.js":{"path":"/Users/minzhou/Downloads/hw5 2/src/index.js","s":{"1":1,"2":1,"3":1,"4":1,"5":1,"6":1,"7":1,"8":1,"9":1,"10":1,"11":1,"12":1,"13":1,"14":1,"15":1,"16":5,"17":1,"18":0,"19":0,"20":0,"21":0},"b":{"1":[3,2],"2":[5,5]},"f":{"1":5},"fnMap":{"1":{"name":"_interopRequireDefault","line":31,"loc":{"start":{"line":0,"column":0},"end":{"line":0,"column":0},"skip":true},"skip":true}},"statementMap":{"1":{"start":{"line":3,"column":0},"end":{"line":3,"column":0}},"2":{"start":{"line":0,"column":0},"end":{"line":0,"column":0},"skip":true},"3":{"start":{"line":4,"column":0},"end":{"line":4,"column":0}},"4":{"start":{"line":5,"column":0},"end":{"line":5,"column":0}},"5":{"start":{"line":7,"column":0},"end":{"line":7,"column":0}},"6":{"start":{"line":0,"column":0},"end":{"line":0,"column":0},"skip":true},"7":{"start":{"line":8,"column":0},"end":{"line":8,"column":0}},"8":{"start":{"line":0,"column":0},"end":{"line":0,"column":0},"skip":true},"9":{"start":{"line":9,"column":0},"end":{"line":9,"column":0}},"10":{"start":{"line":11,"column":0},"end":{"line":11,"column":0}},"11":{"start":{"line":0,"column":0},"end":{"line":0,"column":0},"skip":true},"12":{"start":{"line":12,"column":0},"end":{"line":12,"column":0}},"13":{"start":{"line":0,"column":0},"end":{"line":0,"column":0},"skip":true},"14":{"start":{"line":14,"column":0},"end":{"line":14,"column":0}},"15":{"start":{"line":0,"column":0},"end":{"line":0,"column":0},"skip":true},"16":{"start":{"line":0,"column":0},"end":{"line":0,"column":0},"skip":true},"17":{"start":{"line":1,"column":-15},"end":{"line":1,"column":-15}},"18":{"start":{"line":16,"column":0},"end":{"line":16,"column":0}},"19":{"start":{"line":18,"column":0},"end":{"line":18,"column":0}},"20":{"start":{"line":19,"column":0},"end":{"line":19,"column":0}},"21":{"start":{"line":20,"column":0},"end":{"line":20,"column":0}}},"branchMap":{"1":{"line":31,"type":"cond-expr","locations":[{"start":{"line":0,"column":0},"end":{"line":0,"column":0},"skip":true},{"start":{"line":0,"column":0},"end":{"line":0,"column":0},"skip":true}]},"2":{"line":31,"type":"binary-expr","locations":[{"start":{"line":0,"column":0},"end":{"line":0,"column":0},"skip":true},{"start":{"line":0,"column":0},"end":{"line":0,"column":0},"skip":true}]}}},"/Users/minzhou/Downloads/hw5 2/src/reducers.spec.js":{"path":"/Users/minzhou/Downloads/hw5 2/src/reducers.spec.js","s":{"1":1,"2":1,"3":1,"4":1,"5":1,"6":1,"7":1,"8":2,"9":1,"10":0,"11":0,"12":0,"13":0,"14":0,"15":0,"16":0,"17":0,"18":0,"19":0,"20":0,"21":0,"22":0,"23":0},"b":{"1":[2,0],"2":[2,2]},"f":{"1":2,"2":0,"3":0,"4":0,"5":0,"6":0,"7":0,"8":0},"fnMap":{"1":{"name":"_interopRequireDefault","line":15,"loc":{"start":{"line":0,"column":0},"end":{"line":0,"column":0},"skip":true},"skip":true},"2":{"name":"(anonymous_2)","line":17,"loc":{"start":{"line":8,"column":54},"end":{"line":8,"column":59}}},"3":{"name":"(anonymous_3)","line":18,"loc":{"start":{"line":9,"column":31},"end":{"line":9,"column":35}}},"4":{"name":"(anonymous_4)","line":30,"loc":{"start":{"line":21,"column":68},"end":{"line":21,"column":73}}},"5":{"name":"(anonymous_5)","line":34,"loc":{"start":{"line":26,"column":64},"end":{"line":26,"column":69}}},"6":{"name":"(anonymous_6)","line":38,"loc":{"start":{"line":31,"column":30},"end":{"line":31,"column":35}}},"7":{"name":"(anonymous_7)","line":44,"loc":{"start":{"line":38,"column":36},"end":{"line":38,"column":41}}},"8":{"name":"(anonymous_8)","line":48,"loc":{"start":{"line":43,"column":61},"end":{"line":43,"column":66}}}},"statementMap":{"1":{"start":{"line":1,"column":-15},"end":{"line":1,"column":-15}},"2":{"start":{"line":3,"column":0},"end":{"line":3,"column":0}},"3":{"start":{"line":0,"column":0},"end":{"line":0,"column":0},"skip":true},"4":{"start":{"line":4,"column":0},"end":{"line":4,"column":0}},"5":{"start":{"line":0,"column":0},"end":{"line":0,"column":0},"skip":true},"6":{"start":{"line":5,"column":0},"end":{"line":5,"column":0}},"7":{"start":{"line":0,"column":0},"end":{"line":0,"column":0},"skip":true},"8":{"start":{"line":0,"column":0},"end":{"line":0,"column":0},"skip":true},"9":{"start":{"line":8,"column":0},"end":{"line":8,"column":0}},"10":{"start":{"line":9,"column":1},"end":{"line":9,"column":1}},"11":{"start":{"line":10,"column":2},"end":{"line":10,"column":2}},"12":{"start":{"line":21,"column":1},"end":{"line":21,"column":1}},"13":{"start":{"line":22,"column":2},"end":{"line":22,"column":2}},"14":{"start":{"line":26,"column":1},"end":{"line":26,"column":1}},"15":{"start":{"line":27,"column":2},"end":{"line":27,"column":2}},"16":{"start":{"line":31,"column":1},"end":{"line":31,"column":1}},"17":{"start":{"line":32,"column":2},"end":{"line":32,"column":2}},"18":{"start":{"line":38,"column":1},"end":{"line":38,"column":1}},"19":{"start":{"line":39,"column":2},"end":{"line":39,"column":2}},"20":{"start":{"line":43,"column":1},"end":{"line":43,"column":1}},"21":{"start":{"line":44,"column":2},"end":{"line":44,"column":2}},"22":{"start":{"line":46,"column":2},"end":{"line":46,"column":2}},"23":{"start":{"line":47,"column":2},"end":{"line":47,"column":2}}},"branchMap":{"1":{"line":15,"type":"cond-expr","locations":[{"start":{"line":0,"column":0},"end":{"line":0,"column":0},"skip":true},{"start":{"line":0,"column":0},"end":{"line":0,"column":0},"skip":true}]},"2":{"line":15,"type":"binary-expr","locations":[{"start":{"line":0,"column":0},"end":{"line":0,"column":0},"skip":true},{"start":{"line":0,"column":0},"end":{"line":0,"column":0},"skip":true}]}}}}